TN:
SF:src\App.js
FN:22,App
FNF:1
FNH:0
FNDA:0,App
DA:23,0
DA:25,0
LF:2
LH:0
BRF:0
BRH:0
end_of_record
TN:
SF:src\index.js
FNF:0
FNH:0
DA:6,0
DA:7,0
LF:2
LH:0
BRF:0
BRH:0
end_of_record
TN:
SF:src\components\BaseModal.js
FN:4,(anonymous_0)
FNF:1
FNH:0
FNDA:0,(anonymous_0)
DA:4,0
DA:13,0
DA:15,0
LF:3
LH:0
BRDA:10,0,0,0
BRDA:13,1,0,0
BRDA:13,1,1,0
BRDA:21,2,0,0
BRDA:21,2,1,0
BRDA:38,3,0,0
BRDA:38,3,1,0
BRF:7
BRH:0
end_of_record
TN:
SF:src\components\BasePage.js
FN:3,(anonymous_0)
FNF:1
FNH:0
FNDA:0,(anonymous_0)
DA:3,0
DA:11,0
LF:2
LH:0
BRDA:9,0,0,0
BRDA:17,1,0,0
BRDA:17,1,1,0
BRDA:21,2,0,0
BRDA:21,2,1,0
BRDA:35,3,0,0
BRDA:35,3,1,0
BRF:7
BRH:0
end_of_record
TN:
SF:src\components\BillOfMaterials.js
FN:17,(anonymous_0)
FN:21,(anonymous_1)
FN:22,(anonymous_2)
FN:30,(anonymous_3)
FN:32,(anonymous_4)
FN:45,(anonymous_5)
FN:47,(anonymous_6)
FN:51,(anonymous_7)
FN:54,(anonymous_8)
FN:67,(anonymous_9)
FN:71,(anonymous_10)
FN:80,(anonymous_11)
FN:118,(anonymous_12)
FN:129,(anonymous_13)
FN:139,(anonymous_14)
FN:140,(anonymous_15)
FN:146,(anonymous_16)
FN:153,(anonymous_17)
FN:154,(anonymous_18)
FN:154,(anonymous_19)
FN:157,(anonymous_20)
FN:163,(anonymous_21)
FN:164,(anonymous_22)
FN:172,(anonymous_23)
FN:176,(anonymous_24)
FN:210,(anonymous_25)
FN:216,(anonymous_26)
FN:221,(anonymous_27)
FN:368,(anonymous_28)
FN:389,(anonymous_29)
FN:399,(anonymous_30)
FNF:31
FNH:0
FNDA:0,(anonymous_0)
FNDA:0,(anonymous_1)
FNDA:0,(anonymous_2)
FNDA:0,(anonymous_3)
FNDA:0,(anonymous_4)
FNDA:0,(anonymous_5)
FNDA:0,(anonymous_6)
FNDA:0,(anonymous_7)
FNDA:0,(anonymous_8)
FNDA:0,(anonymous_9)
FNDA:0,(anonymous_10)
FNDA:0,(anonymous_11)
FNDA:0,(anonymous_12)
FNDA:0,(anonymous_13)
FNDA:0,(anonymous_14)
FNDA:0,(anonymous_15)
FNDA:0,(anonymous_16)
FNDA:0,(anonymous_17)
FNDA:0,(anonymous_18)
FNDA:0,(anonymous_19)
FNDA:0,(anonymous_20)
FNDA:0,(anonymous_21)
FNDA:0,(anonymous_22)
FNDA:0,(anonymous_23)
FNDA:0,(anonymous_24)
FNDA:0,(anonymous_25)
FNDA:0,(anonymous_26)
FNDA:0,(anonymous_27)
FNDA:0,(anonymous_28)
FNDA:0,(anonymous_29)
FNDA:0,(anonymous_30)
DA:17,0
DA:18,0
DA:19,0
DA:21,0
DA:22,0
DA:23,0
DA:24,0
DA:25,0
DA:26,0
DA:27,0
DA:30,0
DA:32,0
DA:33,0
DA:34,0
DA:35,0
DA:36,0
DA:38,0
DA:39,0
DA:40,0
DA:41,0
DA:42,0
DA:45,0
DA:46,0
DA:47,0
DA:48,0
DA:51,0
DA:52,0
DA:53,0
DA:54,0
DA:55,0
DA:56,0
DA:57,0
DA:67,0
DA:68,0
DA:70,0
DA:71,0
DA:74,0
DA:75,0
DA:76,0
DA:77,0
DA:79,0
DA:81,0
DA:86,0
DA:88,0
DA:89,0
DA:90,0
DA:91,0
DA:93,0
DA:94,0
DA:95,0
DA:101,0
DA:102,0
DA:118,0
DA:119,0
DA:120,0
DA:121,0
DA:122,0
DA:123,0
DA:128,0
DA:129,0
DA:130,0
DA:132,0
DA:133,0
DA:134,0
DA:135,0
DA:139,0
DA:140,0
DA:141,0
DA:142,0
DA:146,0
DA:147,0
DA:148,0
DA:149,0
DA:150,0
DA:153,0
DA:154,0
DA:157,0
DA:158,0
DA:159,0
DA:160,0
DA:161,0
DA:163,0
DA:164,0
DA:165,0
DA:172,0
DA:173,0
DA:176,0
DA:177,0
DA:178,0
DA:179,0
DA:180,0
DA:181,0
DA:182,0
DA:187,0
DA:190,0
DA:191,0
DA:210,0
DA:217,0
DA:218,0
DA:221,0
DA:248,0
DA:369,0
DA:389,0
DA:399,0
LF:104
LH:0
BRDA:17,0,0,0
BRDA:19,1,0,0
BRDA:19,1,1,0
BRDA:21,2,0,0
BRDA:21,2,1,0
BRDA:21,2,2,0
BRDA:23,3,0,0
BRDA:23,3,1,0
BRDA:24,4,0,0
BRDA:24,4,1,0
BRDA:24,4,2,0
BRDA:25,5,0,0
BRDA:25,5,1,0
BRDA:25,5,2,0
BRDA:26,6,0,0
BRDA:26,6,1,0
BRDA:26,6,2,0
BRDA:27,7,0,0
BRDA:27,7,1,0
BRDA:30,8,0,0
BRDA:30,8,1,0
BRDA:53,9,0,0
BRDA:53,9,1,0
BRDA:55,10,0,0
BRDA:55,10,1,0
BRDA:58,11,0,0
BRDA:58,11,1,0
BRDA:58,11,2,0
BRDA:58,11,3,0
BRDA:68,12,0,0
BRDA:68,12,1,0
BRDA:71,13,0,0
BRDA:71,13,1,0
BRDA:76,14,0,0
BRDA:76,14,1,0
BRDA:81,15,0,0
BRDA:81,15,1,0
BRDA:81,15,2,0
BRDA:81,15,3,0
BRDA:86,16,0,0
BRDA:86,16,1,0
BRDA:88,17,0,0
BRDA:88,17,1,0
BRDA:88,17,2,0
BRDA:88,18,0,0
BRDA:88,18,1,0
BRDA:90,19,0,0
BRDA:90,19,1,0
BRDA:91,20,0,0
BRDA:91,20,1,0
BRDA:91,20,2,0
BRDA:91,20,3,0
BRDA:93,21,0,0
BRDA:93,21,1,0
BRDA:104,22,0,0
BRDA:104,22,1,0
BRDA:104,22,2,0
BRDA:105,23,0,0
BRDA:105,23,1,0
BRDA:111,24,0,0
BRDA:111,24,1,0
BRDA:119,25,0,0
BRDA:119,25,1,0
BRDA:120,26,0,0
BRDA:120,26,1,0
BRDA:122,27,0,0
BRDA:122,27,1,0
BRDA:123,28,0,0
BRDA:123,28,1,0
BRDA:123,29,0,0
BRDA:123,29,1,0
BRDA:130,30,0,0
BRDA:130,30,1,0
BRDA:132,31,0,0
BRDA:132,31,1,0
BRDA:132,32,0,0
BRDA:132,32,1,0
BRDA:159,33,0,0
BRDA:159,33,1,0
BRDA:165,34,0,0
BRDA:165,34,1,0
BRDA:166,35,0,0
BRDA:166,35,1,0
BRDA:187,36,0,0
BRDA:187,36,1,0
BRDA:190,37,0,0
BRDA:190,37,1,0
BRDA:235,38,0,0
BRDA:235,38,1,0
BRDA:308,39,0,0
BRDA:308,39,1,0
BRDA:310,40,0,0
BRDA:310,40,1,0
BRDA:333,41,0,0
BRDA:333,41,1,0
BRDA:333,42,0,0
BRDA:333,42,1,0
BRDA:376,43,0,0
BRDA:376,43,1,0
BRDA:382,44,0,0
BRDA:382,44,1,0
BRDA:412,45,0,0
BRDA:412,45,1,0
BRF:103
BRH:0
end_of_record
TN:
SF:src\components\BookingHistory.js
FN:17,(anonymous_0)
FN:27,(anonymous_1)
FN:31,(anonymous_2)
FN:66,(anonymous_3)
FN:105,(anonymous_4)
FN:111,(anonymous_5)
FN:117,(anonymous_6)
FN:144,(anonymous_7)
FN:205,(anonymous_8)
FN:216,(anonymous_9)
FN:230,(anonymous_10)
FN:272,(anonymous_11)
FN:291,(anonymous_12)
FNF:13
FNH:0
FNDA:0,(anonymous_0)
FNDA:0,(anonymous_1)
FNDA:0,(anonymous_2)
FNDA:0,(anonymous_3)
FNDA:0,(anonymous_4)
FNDA:0,(anonymous_5)
FNDA:0,(anonymous_6)
FNDA:0,(anonymous_7)
FNDA:0,(anonymous_8)
FNDA:0,(anonymous_9)
FNDA:0,(anonymous_10)
FNDA:0,(anonymous_11)
FNDA:0,(anonymous_12)
DA:17,0
DA:18,0
DA:19,0
DA:20,0
DA:21,0
DA:22,0
DA:24,0
DA:25,0
DA:27,0
DA:28,0
DA:32,0
DA:36,0
DA:38,0
DA:39,0
DA:40,0
DA:41,0
DA:43,0
DA:45,0
DA:46,0
DA:48,0
DA:49,0
DA:50,0
DA:53,0
DA:54,0
DA:55,0
DA:58,0
DA:59,0
DA:63,0
DA:66,0
DA:67,0
DA:69,0
DA:73,0
DA:74,0
DA:75,0
DA:76,0
DA:77,0
DA:79,0
DA:80,0
DA:82,0
DA:84,0
DA:88,0
DA:89,0
DA:92,0
DA:100,0
DA:101,0
DA:105,0
DA:106,0
DA:111,0
DA:112,0
DA:117,0
DA:118,0
DA:119,0
DA:120,0
DA:124,0
DA:144,0
DA:205,0
DA:216,0
DA:231,0
DA:273,0
DA:291,0
LF:60
LH:0
BRDA:28,0,0,0
BRDA:28,0,1,0
BRDA:28,0,2,0
BRDA:28,0,3,0
BRDA:28,0,4,0
BRDA:32,1,0,0
BRDA:32,1,1,0
BRDA:36,2,0,0
BRDA:36,2,1,0
BRDA:39,3,0,0
BRDA:39,3,1,0
BRDA:43,4,0,0
BRDA:43,4,1,0
BRDA:43,4,2,0
BRDA:43,4,3,0
BRDA:63,5,0,0
BRDA:63,5,1,0
BRDA:63,5,2,0
BRDA:67,6,0,0
BRDA:67,6,1,0
BRDA:73,7,0,0
BRDA:73,7,1,0
BRDA:75,8,0,0
BRDA:75,8,1,0
BRDA:75,9,0,0
BRDA:75,9,1,0
BRDA:77,10,0,0
BRDA:77,10,1,0
BRDA:80,11,0,0
BRDA:80,11,1,0
BRDA:80,12,0,0
BRDA:80,12,1,0
BRDA:88,13,0,0
BRDA:88,13,1,0
BRDA:106,14,0,0
BRDA:106,14,1,0
BRDA:112,15,0,0
BRDA:112,15,1,0
BRDA:118,16,0,0
BRDA:118,16,1,0
BRDA:255,17,0,0
BRDA:255,17,1,0
BRDA:255,18,0,0
BRDA:255,18,1,0
BRDA:262,19,0,0
BRDA:262,19,1,0
BRDA:302,20,0,0
BRDA:302,20,1,0
BRDA:307,21,0,0
BRDA:307,21,1,0
BRDA:307,22,0,0
BRDA:307,22,1,0
BRDA:307,22,2,0
BRF:53
BRH:0
end_of_record
TN:
SF:src\components\BookingModal.js
FN:10,(anonymous_0)
FN:24,(anonymous_1)
FN:30,(anonymous_2)
FN:41,(anonymous_3)
FN:58,(anonymous_4)
FN:59,(anonymous_5)
FN:70,(anonymous_6)
FN:84,(anonymous_7)
FN:101,(anonymous_8)
FN:102,(anonymous_9)
FN:115,(anonymous_10)
FN:116,(anonymous_11)
FN:148,(anonymous_12)
FN:149,(anonymous_13)
FN:150,(anonymous_14)
FN:154,(anonymous_15)
FN:155,(anonymous_16)
FN:155,(anonymous_17)
FN:158,(anonymous_18)
FN:164,(anonymous_19)
FN:165,(anonymous_20)
FN:216,(anonymous_21)
FN:227,(anonymous_22)
FN:249,(anonymous_23)
FN:255,(anonymous_24)
FN:292,(anonymous_25)
FN:302,(anonymous_26)
FN:317,(anonymous_27)
FN:318,(anonymous_28)
FN:339,(anonymous_29)
FN:340,(anonymous_30)
FN:355,(anonymous_31)
FN:363,(anonymous_32)
FN:371,(anonymous_33)
FN:378,(anonymous_34)
FNF:35
FNH:0
FNDA:0,(anonymous_0)
FNDA:0,(anonymous_1)
FNDA:0,(anonymous_2)
FNDA:0,(anonymous_3)
FNDA:0,(anonymous_4)
FNDA:0,(anonymous_5)
FNDA:0,(anonymous_6)
FNDA:0,(anonymous_7)
FNDA:0,(anonymous_8)
FNDA:0,(anonymous_9)
FNDA:0,(anonymous_10)
FNDA:0,(anonymous_11)
FNDA:0,(anonymous_12)
FNDA:0,(anonymous_13)
FNDA:0,(anonymous_14)
FNDA:0,(anonymous_15)
FNDA:0,(anonymous_16)
FNDA:0,(anonymous_17)
FNDA:0,(anonymous_18)
FNDA:0,(anonymous_19)
FNDA:0,(anonymous_20)
FNDA:0,(anonymous_21)
FNDA:0,(anonymous_22)
FNDA:0,(anonymous_23)
FNDA:0,(anonymous_24)
FNDA:0,(anonymous_25)
FNDA:0,(anonymous_26)
FNDA:0,(anonymous_27)
FNDA:0,(anonymous_28)
FNDA:0,(anonymous_29)
FNDA:0,(anonymous_30)
FNDA:0,(anonymous_31)
FNDA:0,(anonymous_32)
FNDA:0,(anonymous_33)
FNDA:0,(anonymous_34)
DA:10,0
DA:11,0
DA:12,0
DA:13,0
DA:14,0
DA:15,0
DA:17,0
DA:18,0
DA:19,0
DA:20,0
DA:21,0
DA:22,0
DA:24,0
DA:25,0
DA:30,0
DA:31,0
DA:32,0
DA:33,0
DA:34,0
DA:36,0
DA:37,0
DA:41,0
DA:42,0
DA:44,0
DA:45,0
DA:48,0
DA:49,0
DA:52,0
DA:53,0
DA:57,0
DA:58,0
DA:59,0
DA:60,0
DA:61,0
DA:66,0
DA:67,0
DA:70,0
DA:71,0
DA:73,0
DA:74,0
DA:78,0
DA:79,0
DA:80,0
DA:83,0
DA:84,0
DA:85,0
DA:86,0
DA:87,0
DA:88,0
DA:94,0
DA:101,0
DA:102,0
DA:105,0
DA:107,0
DA:116,0
DA:117,0
DA:118,0
DA:120,0
DA:131,0
DA:133,0
DA:139,0
DA:140,0
DA:141,0
DA:142,0
DA:143,0
DA:145,0
DA:148,0
DA:149,0
DA:150,0
DA:154,0
DA:155,0
DA:158,0
DA:159,0
DA:160,0
DA:161,0
DA:164,0
DA:165,0
DA:166,0
DA:171,0
DA:174,0
DA:197,0
DA:216,0
DA:228,0
DA:249,0
DA:256,0
DA:292,0
DA:303,0
DA:317,0
DA:318,0
DA:340,0
DA:341,0
DA:355,0
DA:363,0
DA:371,0
DA:378,0
LF:95
LH:0
BRDA:10,0,0,0
BRDA:25,1,0,0
BRDA:25,1,1,0
BRDA:31,2,0,0
BRDA:31,2,1,0
BRDA:44,3,0,0
BRDA:44,3,1,0
BRDA:48,4,0,0
BRDA:48,4,1,0
BRDA:48,5,0,0
BRDA:48,5,1,0
BRDA:52,6,0,0
BRDA:52,6,1,0
BRDA:57,7,0,0
BRDA:57,7,1,0
BRDA:60,8,0,0
BRDA:60,8,1,0
BRDA:60,9,0,0
BRDA:60,9,1,0
BRDA:73,10,0,0
BRDA:73,10,1,0
BRDA:79,11,0,0
BRDA:79,11,1,0
BRDA:83,12,0,0
BRDA:83,12,1,0
BRDA:85,13,0,0
BRDA:85,13,1,0
BRDA:85,14,0,0
BRDA:85,14,1,0
BRDA:110,15,0,0
BRDA:110,15,1,0
BRDA:110,16,0,0
BRDA:110,16,1,0
BRDA:112,17,0,0
BRDA:112,17,1,0
BRDA:117,18,0,0
BRDA:117,18,1,0
BRDA:128,19,0,0
BRDA:128,19,1,0
BRDA:134,20,0,0
BRDA:134,20,1,0
BRDA:149,21,0,0
BRDA:149,21,1,0
BRDA:159,22,0,0
BRDA:159,22,1,0
BRDA:166,23,0,0
BRDA:166,23,1,0
BRDA:171,24,0,0
BRDA:171,24,1,0
BRDA:186,25,0,0
BRDA:186,25,1,0
BRDA:192,26,0,0
BRDA:192,26,1,0
BRDA:201,27,0,0
BRDA:201,27,1,0
BRDA:210,28,0,0
BRDA:210,28,1,0
BRDA:218,29,0,0
BRDA:218,29,1,0
BRDA:222,30,0,0
BRDA:222,30,1,0
BRDA:224,31,0,0
BRDA:224,31,1,0
BRDA:234,32,0,0
BRDA:234,32,1,0
BRDA:240,33,0,0
BRDA:240,33,1,0
BRDA:240,33,2,0
BRDA:251,34,0,0
BRDA:251,34,1,0
BRDA:262,35,0,0
BRDA:262,35,1,0
BRDA:269,36,0,0
BRDA:269,36,1,0
BRDA:269,36,2,0
BRDA:269,36,3,0
BRDA:300,37,0,0
BRDA:300,37,1,0
BRDA:333,38,0,0
BRDA:333,38,1,0
BRDA:349,39,0,0
BRDA:349,39,1,0
BRDA:363,40,0,0
BRDA:363,40,1,0
BRDA:365,41,0,0
BRDA:365,41,1,0
BRDA:385,42,0,0
BRDA:385,42,1,0
BRDA:393,43,0,0
BRDA:393,43,1,0
BRF:90
BRH:0
end_of_record
TN:
SF:src\components\CustomerDetailModal.js
FN:24,(anonymous_0)
FN:26,(anonymous_1)
FN:33,(anonymous_2)
FN:42,(anonymous_3)
FN:43,(anonymous_4)
FN:46,(anonymous_5)
FN:47,(anonymous_6)
FN:59,(anonymous_7)
FN:70,(anonymous_8)
FN:71,(anonymous_9)
FN:72,(anonymous_10)
FN:88,(anonymous_11)
FN:103,(anonymous_12)
FN:105,(anonymous_13)
FN:117,(anonymous_14)
FN:127,(anonymous_15)
FN:144,(anonymous_16)
FN:155,(anonymous_17)
FN:166,(anonymous_18)
FN:177,(anonymous_19)
FN:187,(anonymous_20)
FN:217,(anonymous_21)
FN:230,(anonymous_22)
FN:244,(anonymous_23)
FN:250,(anonymous_24)
FN:281,(anonymous_25)
FN:329,(anonymous_26)
FN:366,(anonymous_27)
FN:377,(anonymous_28)
FN:379,(anonymous_29)
FN:382,(anonymous_30)
FN:382,(anonymous_31)
FN:386,(anonymous_32)
FN:388,(anonymous_33)
FN:404,(anonymous_34)
FN:418,(anonymous_35)
FN:465,(anonymous_36)
FN:478,(anonymous_37)
FN:479,(anonymous_38)
FN:480,(anonymous_39)
FN:484,(anonymous_40)
FN:530,(anonymous_41)
FN:536,(anonymous_42)
FN:551,(anonymous_43)
FN:568,(anonymous_44)
FN:578,(anonymous_45)
FN:675,(anonymous_46)
FN:719,(anonymous_47)
FN:741,(anonymous_48)
FN:768,(anonymous_49)
FN:772,(anonymous_50)
FN:833,(anonymous_51)
FN:883,(anonymous_52)
FN:902,(anonymous_53)
FN:917,(anonymous_54)
FN:934,(anonymous_55)
FN:951,(anonymous_56)
FN:967,(anonymous_57)
FN:980,(anonymous_58)
FN:1000,(anonymous_59)
FN:1015,(anonymous_60)
FN:1022,(anonymous_61)
FN:1053,(anonymous_62)
FN:1058,(anonymous_63)
FN:1060,(anonymous_64)
FN:1061,(anonymous_65)
FN:1069,(anonymous_66)
FN:1089,(anonymous_67)
FN:1101,(anonymous_68)
FNF:69
FNH:0
FNDA:0,(anonymous_0)
FNDA:0,(anonymous_1)
FNDA:0,(anonymous_2)
FNDA:0,(anonymous_3)
FNDA:0,(anonymous_4)
FNDA:0,(anonymous_5)
FNDA:0,(anonymous_6)
FNDA:0,(anonymous_7)
FNDA:0,(anonymous_8)
FNDA:0,(anonymous_9)
FNDA:0,(anonymous_10)
FNDA:0,(anonymous_11)
FNDA:0,(anonymous_12)
FNDA:0,(anonymous_13)
FNDA:0,(anonymous_14)
FNDA:0,(anonymous_15)
FNDA:0,(anonymous_16)
FNDA:0,(anonymous_17)
FNDA:0,(anonymous_18)
FNDA:0,(anonymous_19)
FNDA:0,(anonymous_20)
FNDA:0,(anonymous_21)
FNDA:0,(anonymous_22)
FNDA:0,(anonymous_23)
FNDA:0,(anonymous_24)
FNDA:0,(anonymous_25)
FNDA:0,(anonymous_26)
FNDA:0,(anonymous_27)
FNDA:0,(anonymous_28)
FNDA:0,(anonymous_29)
FNDA:0,(anonymous_30)
FNDA:0,(anonymous_31)
FNDA:0,(anonymous_32)
FNDA:0,(anonymous_33)
FNDA:0,(anonymous_34)
FNDA:0,(anonymous_35)
FNDA:0,(anonymous_36)
FNDA:0,(anonymous_37)
FNDA:0,(anonymous_38)
FNDA:0,(anonymous_39)
FNDA:0,(anonymous_40)
FNDA:0,(anonymous_41)
FNDA:0,(anonymous_42)
FNDA:0,(anonymous_43)
FNDA:0,(anonymous_44)
FNDA:0,(anonymous_45)
FNDA:0,(anonymous_46)
FNDA:0,(anonymous_47)
FNDA:0,(anonymous_48)
FNDA:0,(anonymous_49)
FNDA:0,(anonymous_50)
FNDA:0,(anonymous_51)
FNDA:0,(anonymous_52)
FNDA:0,(anonymous_53)
FNDA:0,(anonymous_54)
FNDA:0,(anonymous_55)
FNDA:0,(anonymous_56)
FNDA:0,(anonymous_57)
FNDA:0,(anonymous_58)
FNDA:0,(anonymous_59)
FNDA:0,(anonymous_60)
FNDA:0,(anonymous_61)
FNDA:0,(anonymous_62)
FNDA:0,(anonymous_63)
FNDA:0,(anonymous_64)
FNDA:0,(anonymous_65)
FNDA:0,(anonymous_66)
FNDA:0,(anonymous_67)
FNDA:0,(anonymous_68)
DA:24,0
DA:26,0
DA:27,0
DA:28,0
DA:29,0
DA:30,0
DA:33,0
DA:34,0
DA:36,0
DA:39,0
DA:40,0
DA:42,0
DA:43,0
DA:44,0
DA:46,0
DA:47,0
DA:48,0
DA:49,0
DA:56,0
DA:57,0
DA:58,0
DA:59,0
DA:60,0
DA:61,0
DA:65,0
DA:66,0
DA:70,0
DA:71,0
DA:72,0
DA:73,0
DA:74,0
DA:75,0
DA:76,0
DA:77,0
DA:78,0
DA:85,0
DA:88,0
DA:89,0
DA:90,0
DA:92,0
DA:93,0
DA:94,0
DA:95,0
DA:96,0
DA:97,0
DA:99,0
DA:103,0
DA:104,0
DA:105,0
DA:106,0
DA:107,0
DA:108,0
DA:109,0
DA:110,0
DA:111,0
DA:114,0
DA:117,0
DA:118,0
DA:119,0
DA:120,0
DA:121,0
DA:122,0
DA:123,0
DA:127,0
DA:128,0
DA:130,0
DA:132,0
DA:144,0
DA:155,0
DA:166,0
DA:177,0
DA:187,0
DA:217,0
DA:218,0
DA:219,0
DA:228,0
DA:231,0
DA:244,0
DA:250,0
DA:281,0
DA:290,0
DA:291,0
DA:292,0
DA:294,0
DA:295,0
DA:296,0
DA:297,0
DA:300,0
DA:301,0
DA:302,0
DA:303,0
DA:312,0
DA:313,0
DA:314,0
DA:317,0
DA:326,0
DA:329,0
DA:330,0
DA:333,0
DA:336,0
DA:337,0
DA:346,0
DA:347,0
DA:358,0
DA:359,0
DA:360,0
DA:361,0
DA:362,0
DA:366,0
DA:367,0
DA:368,0
DA:377,0
DA:378,0
DA:379,0
DA:380,0
DA:382,0
DA:386,0
DA:387,0
DA:388,0
DA:389,0
DA:390,0
DA:391,0
DA:392,0
DA:393,0
DA:395,0
DA:397,0
DA:398,0
DA:400,0
DA:404,0
DA:406,0
DA:411,0
DA:412,0
DA:413,0
DA:416,0
DA:418,0
DA:419,0
DA:424,0
DA:425,0
DA:426,0
DA:427,0
DA:428,0
DA:430,0
DA:432,0
DA:433,0
DA:435,0
DA:436,0
DA:440,0
DA:445,0
DA:447,0
DA:448,0
DA:449,0
DA:450,0
DA:451,0
DA:453,0
DA:455,0
DA:456,0
DA:458,0
DA:459,0
DA:465,0
DA:466,0
DA:467,0
DA:468,0
DA:469,0
DA:470,0
DA:471,0
DA:472,0
DA:474,0
DA:475,0
DA:478,0
DA:479,0
DA:480,0
DA:484,0
DA:485,0
DA:486,0
DA:488,0
DA:489,0
DA:490,0
DA:491,0
DA:493,0
DA:494,0
DA:498,0
DA:509,0
DA:510,0
DA:511,0
DA:516,0
DA:517,0
DA:518,0
DA:519,0
DA:521,0
DA:523,0
DA:524,0
DA:529,0
DA:530,0
DA:531,0
DA:532,0
DA:536,0
DA:537,0
DA:538,0
DA:539,0
DA:540,0
DA:541,0
DA:543,0
DA:544,0
DA:546,0
DA:551,0
DA:552,0
DA:553,0
DA:557,0
DA:559,0
DA:566,0
DA:569,0
DA:570,0
DA:579,0
DA:580,0
DA:591,0
DA:611,0
DA:613,0
DA:621,0
DA:675,0
DA:720,0
DA:721,0
DA:722,0
DA:742,0
DA:743,0
DA:744,0
DA:769,0
DA:772,0
DA:833,0
DA:854,0
DA:883,0
DA:902,0
DA:917,0
DA:934,0
DA:951,0
DA:967,0
DA:981,0
DA:982,0
DA:983,0
DA:1001,0
DA:1015,0
DA:1022,0
DA:1054,0
DA:1055,0
DA:1056,0
DA:1059,0
DA:1060,0
DA:1061,0
DA:1062,0
DA:1067,0
DA:1069,0
DA:1073,0
DA:1075,0
DA:1089,0
DA:1090,0
DA:1101,0
DA:1102,0
LF:256
LH:0
BRDA:27,0,0,0
BRDA:27,0,1,0
BRDA:27,1,0,0
BRDA:27,1,1,0
BRDA:27,1,2,0
BRDA:29,2,0,0
BRDA:29,2,1,0
BRDA:34,3,0,0
BRDA:34,3,1,0
BRDA:34,4,0,0
BRDA:34,4,1,0
BRDA:48,5,0,0
BRDA:48,5,1,0
BRDA:60,6,0,0
BRDA:60,6,1,0
BRDA:74,7,0,0
BRDA:74,7,1,0
BRDA:74,8,0,0
BRDA:74,8,1,0
BRDA:74,8,2,0
BRDA:77,9,0,0
BRDA:77,9,1,0
BRDA:77,10,0,0
BRDA:77,10,1,0
BRDA:89,11,0,0
BRDA:89,11,1,0
BRDA:92,12,0,0
BRDA:92,12,1,0
BRDA:93,13,0,0
BRDA:93,13,1,0
BRDA:93,14,0,0
BRDA:93,14,1,0
BRDA:94,15,0,0
BRDA:94,15,1,0
BRDA:96,16,0,0
BRDA:96,16,1,0
BRDA:103,17,0,0
BRDA:107,18,0,0
BRDA:107,18,1,0
BRDA:107,19,0,0
BRDA:107,19,1,0
BRDA:109,20,0,0
BRDA:109,20,1,0
BRDA:111,21,0,0
BRDA:111,21,1,0
BRDA:111,22,0,0
BRDA:111,22,1,0
BRDA:118,23,0,0
BRDA:118,23,1,0
BRDA:119,24,0,0
BRDA:119,24,1,0
BRDA:120,25,0,0
BRDA:120,25,1,0
BRDA:121,26,0,0
BRDA:121,26,1,0
BRDA:122,27,0,0
BRDA:122,27,1,0
BRDA:122,28,0,0
BRDA:122,28,1,0
BRDA:122,28,2,0
BRDA:122,28,3,0
BRDA:127,29,0,0
BRDA:128,30,0,0
BRDA:128,30,1,0
BRDA:130,31,0,0
BRDA:130,31,1,0
BRDA:130,31,2,0
BRDA:130,31,3,0
BRDA:135,32,0,0
BRDA:135,32,1,0
BRDA:218,33,0,0
BRDA:218,33,1,0
BRDA:218,34,0,0
BRDA:218,34,1,0
BRDA:236,35,0,0
BRDA:236,35,1,0
BRDA:259,36,0,0
BRDA:259,36,1,0
BRDA:265,37,0,0
BRDA:265,37,1,0
BRDA:273,38,0,0
BRDA:273,38,1,0
BRDA:284,39,0,0
BRDA:297,40,0,0
BRDA:330,41,0,0
BRDA:330,41,1,0
BRDA:333,42,0,0
BRDA:333,42,1,0
BRDA:336,43,0,0
BRDA:336,43,1,0
BRDA:346,44,0,0
BRDA:346,44,1,0
BRDA:346,45,0,0
BRDA:346,45,1,0
BRDA:348,46,0,0
BRDA:348,46,1,0
BRDA:349,47,0,0
BRDA:349,47,1,0
BRDA:350,48,0,0
BRDA:350,48,1,0
BRDA:351,49,0,0
BRDA:351,49,1,0
BRDA:352,50,0,0
BRDA:352,50,1,0
BRDA:353,51,0,0
BRDA:353,51,1,0
BRDA:354,52,0,0
BRDA:354,52,1,0
BRDA:369,53,0,0
BRDA:369,53,1,0
BRDA:370,54,0,0
BRDA:370,54,1,0
BRDA:371,55,0,0
BRDA:371,55,1,0
BRDA:372,56,0,0
BRDA:372,56,1,0
BRDA:373,57,0,0
BRDA:373,57,1,0
BRDA:378,58,0,0
BRDA:378,58,1,0
BRDA:380,59,0,0
BRDA:380,59,1,0
BRDA:387,60,0,0
BRDA:387,60,1,0
BRDA:390,61,0,0
BRDA:390,61,1,0
BRDA:390,62,0,0
BRDA:390,62,1,0
BRDA:391,63,0,0
BRDA:391,63,1,0
BRDA:406,64,0,0
BRDA:406,64,1,0
BRDA:406,64,2,0
BRDA:406,64,3,0
BRDA:411,65,0,0
BRDA:411,65,1,0
BRDA:416,66,0,0
BRDA:416,66,1,0
BRDA:419,67,0,0
BRDA:419,67,1,0
BRDA:425,68,0,0
BRDA:425,68,1,0
BRDA:425,69,0,0
BRDA:425,69,1,0
BRDA:426,70,0,0
BRDA:426,70,1,0
BRDA:448,71,0,0
BRDA:448,71,1,0
BRDA:448,72,0,0
BRDA:448,72,1,0
BRDA:449,73,0,0
BRDA:449,73,1,0
BRDA:467,74,0,0
BRDA:467,74,1,0
BRDA:468,75,0,0
BRDA:468,75,1,0
BRDA:469,76,0,0
BRDA:469,76,1,0
BRDA:470,77,0,0
BRDA:470,77,1,0
BRDA:471,78,0,0
BRDA:471,78,1,0
BRDA:472,79,0,0
BRDA:472,79,1,0
BRDA:480,80,0,0
BRDA:480,80,1,0
BRDA:486,81,0,0
BRDA:486,81,1,0
BRDA:489,82,0,0
BRDA:489,82,1,0
BRDA:489,83,0,0
BRDA:489,83,1,0
BRDA:510,84,0,0
BRDA:510,84,1,0
BRDA:510,85,0,0
BRDA:510,85,1,0
BRDA:517,86,0,0
BRDA:517,86,1,0
BRDA:529,87,0,0
BRDA:529,87,1,0
BRDA:531,88,0,0
BRDA:531,88,1,0
BRDA:532,89,0,0
BRDA:532,89,1,0
BRDA:537,90,0,0
BRDA:537,90,1,0
BRDA:537,91,0,0
BRDA:537,91,1,0
BRDA:552,92,0,0
BRDA:552,92,1,0
BRDA:552,93,0,0
BRDA:552,93,1,0
BRDA:557,94,0,0
BRDA:557,94,1,0
BRDA:559,95,0,0
BRDA:559,95,1,0
BRDA:561,96,0,0
BRDA:561,96,1,0
BRDA:605,97,0,0
BRDA:605,97,1,0
BRDA:611,98,0,0
BRDA:611,98,1,0
BRDA:611,99,0,0
BRDA:611,99,1,0
BRDA:613,100,0,0
BRDA:613,100,1,0
BRDA:655,101,0,0
BRDA:655,101,1,0
BRDA:663,102,0,0
BRDA:663,102,1,0
BRDA:696,103,0,0
BRDA:696,103,1,0
BRDA:737,104,0,0
BRDA:737,104,1,0
BRDA:737,104,2,0
BRDA:747,105,0,0
BRDA:747,105,1,0
BRDA:758,106,0,0
BRDA:758,106,1,0
BRDA:781,107,0,0
BRDA:781,107,1,0
BRDA:783,108,0,0
BRDA:783,108,1,0
BRDA:791,109,0,0
BRDA:791,109,1,0
BRDA:796,110,0,0
BRDA:796,110,1,0
BRDA:800,111,0,0
BRDA:800,111,1,0
BRDA:813,112,0,0
BRDA:813,112,1,0
BRDA:886,113,0,0
BRDA:886,113,1,0
BRDA:890,114,0,0
BRDA:890,114,1,0
BRDA:905,115,0,0
BRDA:905,115,1,0
BRDA:909,116,0,0
BRDA:909,116,1,0
BRDA:920,117,0,0
BRDA:920,117,1,0
BRDA:924,118,0,0
BRDA:924,118,1,0
BRDA:937,119,0,0
BRDA:937,119,1,0
BRDA:943,120,0,0
BRDA:943,120,1,0
BRDA:954,121,0,0
BRDA:954,121,1,0
BRDA:958,122,0,0
BRDA:958,122,1,0
BRDA:993,123,0,0
BRDA:993,123,1,0
BRDA:1006,124,0,0
BRDA:1006,124,1,0
BRDA:1031,125,0,0
BRDA:1031,125,1,0
BRDA:1037,126,0,0
BRDA:1037,126,1,0
BRDA:1049,127,0,0
BRDA:1049,127,1,0
BRDA:1049,127,2,0
BRDA:1059,128,0,0
BRDA:1059,128,1,0
BRDA:1062,129,0,0
BRDA:1062,129,1,0
BRDA:1077,130,0,0
BRDA:1077,130,1,0
BRDA:1101,131,0,0
BRDA:1105,132,0,0
BRDA:1105,132,1,0
BRF:271
BRH:0
end_of_record
TN:
SF:src\components\CustomerManagement.js
FN:25,(anonymous_0)
FN:66,(anonymous_1)
FN:77,(anonymous_2)
FN:117,(anonymous_3)
FN:135,(anonymous_4)
FN:146,(anonymous_5)
FN:154,(anonymous_6)
FN:160,(anonymous_7)
FN:165,(anonymous_8)
FN:170,(anonymous_9)
FN:176,(anonymous_10)
FN:186,(anonymous_11)
FN:190,(anonymous_12)
FN:203,(anonymous_13)
FN:206,(anonymous_14)
FN:228,(anonymous_15)
FN:239,(anonymous_16)
FN:240,(anonymous_17)
FN:246,(anonymous_18)
FN:254,(anonymous_19)
FN:259,(anonymous_20)
FN:264,(anonymous_21)
FN:265,(anonymous_22)
FN:272,(anonymous_23)
FN:290,(anonymous_24)
FN:308,(anonymous_25)
FN:348,(anonymous_26)
FN:367,(anonymous_27)
FN:372,(anonymous_28)
FN:414,(anonymous_29)
FN:424,(anonymous_30)
FN:427,(anonymous_31)
FN:458,(anonymous_32)
FN:462,(anonymous_33)
FN:496,(anonymous_34)
FN:498,(anonymous_35)
FN:510,(anonymous_36)
FN:520,(anonymous_37)
FN:560,(anonymous_38)
FN:578,(anonymous_39)
FN:588,(anonymous_40)
FN:593,(anonymous_41)
FN:598,(anonymous_42)
FN:615,(anonymous_43)
FN:620,(anonymous_44)
FNF:45
FNH:0
FNDA:0,(anonymous_0)
FNDA:0,(anonymous_1)
FNDA:0,(anonymous_2)
FNDA:0,(anonymous_3)
FNDA:0,(anonymous_4)
FNDA:0,(anonymous_5)
FNDA:0,(anonymous_6)
FNDA:0,(anonymous_7)
FNDA:0,(anonymous_8)
FNDA:0,(anonymous_9)
FNDA:0,(anonymous_10)
FNDA:0,(anonymous_11)
FNDA:0,(anonymous_12)
FNDA:0,(anonymous_13)
FNDA:0,(anonymous_14)
FNDA:0,(anonymous_15)
FNDA:0,(anonymous_16)
FNDA:0,(anonymous_17)
FNDA:0,(anonymous_18)
FNDA:0,(anonymous_19)
FNDA:0,(anonymous_20)
FNDA:0,(anonymous_21)
FNDA:0,(anonymous_22)
FNDA:0,(anonymous_23)
FNDA:0,(anonymous_24)
FNDA:0,(anonymous_25)
FNDA:0,(anonymous_26)
FNDA:0,(anonymous_27)
FNDA:0,(anonymous_28)
FNDA:0,(anonymous_29)
FNDA:0,(anonymous_30)
FNDA:0,(anonymous_31)
FNDA:0,(anonymous_32)
FNDA:0,(anonymous_33)
FNDA:0,(anonymous_34)
FNDA:0,(anonymous_35)
FNDA:0,(anonymous_36)
FNDA:0,(anonymous_37)
FNDA:0,(anonymous_38)
FNDA:0,(anonymous_39)
FNDA:0,(anonymous_40)
FNDA:0,(anonymous_41)
FNDA:0,(anonymous_42)
FNDA:0,(anonymous_43)
FNDA:0,(anonymous_44)
DA:25,0
DA:26,0
DA:27,0
DA:28,0
DA:29,0
DA:30,0
DA:31,0
DA:32,0
DA:33,0
DA:34,0
DA:35,0
DA:36,0
DA:37,0
DA:38,0
DA:39,0
DA:42,0
DA:43,0
DA:44,0
DA:48,0
DA:57,0
DA:66,0
DA:67,0
DA:77,0
DA:78,0
DA:80,0
DA:84,0
DA:85,0
DA:88,0
DA:89,0
DA:92,0
DA:93,0
DA:97,0
DA:101,0
DA:102,0
DA:105,0
DA:111,0
DA:112,0
DA:117,0
DA:118,0
DA:120,0
DA:121,0
DA:122,0
DA:123,0
DA:125,0
DA:126,0
DA:127,0
DA:128,0
DA:129,0
DA:130,0
DA:131,0
DA:135,0
DA:136,0
DA:140,0
DA:141,0
DA:143,0
DA:146,0
DA:147,0
DA:148,0
DA:149,0
DA:151,0
DA:154,0
DA:155,0
DA:156,0
DA:157,0
DA:160,0
DA:161,0
DA:162,0
DA:165,0
DA:166,0
DA:167,0
DA:170,0
DA:171,0
DA:172,0
DA:176,0
DA:177,0
DA:181,0
DA:182,0
DA:186,0
DA:187,0
DA:188,0
DA:189,0
DA:190,0
DA:192,0
DA:193,0
DA:196,0
DA:198,0
DA:203,0
DA:204,0
DA:205,0
DA:206,0
DA:208,0
DA:214,0
DA:215,0
DA:217,0
DA:223,0
DA:224,0
DA:228,0
DA:229,0
DA:239,0
DA:240,0
DA:246,0
DA:247,0
DA:251,0
DA:254,0
DA:255,0
DA:259,0
DA:260,0
DA:264,0
DA:265,0
DA:266,0
DA:267,0
DA:271,0
DA:272,0
DA:273,0
DA:279,0
DA:290,0
DA:308,0
DA:348,0
DA:368,0
DA:372,0
DA:414,0
DA:424,0
DA:428,0
DA:459,0
DA:462,0
DA:496,0
DA:499,0
DA:500,0
DA:511,0
DA:512,0
DA:521,0
DA:522,0
DA:560,0
DA:579,0
DA:580,0
DA:581,0
DA:589,0
DA:590,0
DA:594,0
DA:595,0
DA:596,0
DA:599,0
DA:600,0
DA:601,0
DA:602,0
DA:603,0
DA:604,0
DA:606,0
DA:616,0
DA:617,0
DA:621,0
DA:622,0
DA:623,0
DA:624,0
DA:625,0
DA:626,0
DA:628,0
DA:629,0
DA:632,0
LF:159
LH:0
BRDA:78,0,0,0
BRDA:78,0,1,0
BRDA:84,1,0,0
BRDA:84,1,1,0
BRDA:84,2,0,0
BRDA:84,2,1,0
BRDA:88,3,0,0
BRDA:88,3,1,0
BRDA:92,4,0,0
BRDA:92,4,1,0
BRDA:101,5,0,0
BRDA:101,5,1,0
BRDA:118,6,0,0
BRDA:118,6,1,0
BRDA:118,7,0,0
BRDA:118,7,1,0
BRDA:121,8,0,0
BRDA:121,8,1,0
BRDA:125,9,0,0
BRDA:125,9,1,0
BRDA:125,9,2,0
BRDA:125,9,3,0
BRDA:125,9,4,0
BRDA:125,9,5,0
BRDA:136,10,0,0
BRDA:136,10,1,0
BRDA:136,10,2,0
BRDA:140,11,0,0
BRDA:140,11,1,0
BRDA:143,12,0,0
BRDA:143,12,1,0
BRDA:143,12,2,0
BRDA:147,13,0,0
BRDA:147,13,1,0
BRDA:192,14,0,0
BRDA:192,14,1,0
BRDA:192,15,0,0
BRDA:192,15,1,0
BRDA:214,16,0,0
BRDA:214,16,1,0
BRDA:255,17,0,0
BRDA:255,17,1,0
BRDA:266,18,0,0
BRDA:266,18,1,0
BRDA:266,19,0,0
BRDA:266,19,1,0
BRDA:314,20,0,0
BRDA:314,20,1,0
BRDA:356,21,0,0
BRDA:356,21,1,0
BRDA:361,22,0,0
BRDA:361,22,1,0
BRDA:372,23,0,0
BRDA:372,23,1,0
BRDA:373,24,0,0
BRDA:373,24,1,0
BRDA:377,25,0,0
BRDA:377,25,1,0
BRDA:380,26,0,0
BRDA:380,26,1,0
BRDA:403,27,0,0
BRDA:403,27,1,0
BRDA:408,28,0,0
BRDA:408,28,1,0
BRDA:414,29,0,0
BRDA:414,29,1,0
BRDA:419,30,0,0
BRDA:419,30,1,0
BRDA:429,31,0,0
BRDA:429,31,1,0
BRDA:440,32,0,0
BRDA:440,32,1,0
BRDA:445,33,0,0
BRDA:445,33,1,0
BRDA:450,34,0,0
BRDA:450,34,1,0
BRDA:464,35,0,0
BRDA:464,35,1,0
BRDA:476,36,0,0
BRDA:476,36,1,0
BRDA:484,37,0,0
BRDA:484,37,1,0
BRDA:486,38,0,0
BRDA:486,38,1,0
BRDA:489,39,0,0
BRDA:489,39,1,0
BRDA:491,40,0,0
BRDA:491,40,1,0
BRDA:494,41,0,0
BRDA:494,41,1,0
BRDA:500,42,0,0
BRDA:500,42,1,0
BRDA:506,43,0,0
BRDA:506,43,1,0
BRDA:540,44,0,0
BRDA:540,44,1,0
BRDA:545,45,0,0
BRDA:545,45,1,0
BRDA:557,46,0,0
BRDA:557,46,1,0
BRDA:599,47,0,0
BRDA:599,47,1,0
BRDA:628,48,0,0
BRDA:628,48,1,0
BRDA:628,49,0,0
BRDA:628,49,1,0
BRF:106
BRH:0
end_of_record
TN:
SF:src\components\Login.js
FN:5,(anonymous_0)
FN:15,(anonymous_1)
FN:27,(anonymous_2)
FN:69,(anonymous_3)
FN:99,(anonymous_4)
FN:139,(anonymous_5)
FN:160,(anonymous_6)
FN:167,(anonymous_7)
FN:206,(anonymous_8)
FNF:9
FNH:0
FNDA:0,(anonymous_0)
FNDA:0,(anonymous_1)
FNDA:0,(anonymous_2)
FNDA:0,(anonymous_3)
FNDA:0,(anonymous_4)
FNDA:0,(anonymous_5)
FNDA:0,(anonymous_6)
FNDA:0,(anonymous_7)
FNDA:0,(anonymous_8)
DA:5,0
DA:6,0
DA:7,0
DA:8,0
DA:9,0
DA:10,0
DA:11,0
DA:13,0
DA:15,0
DA:16,0
DA:17,0
DA:18,0
DA:20,0
DA:21,0
DA:23,0
DA:27,0
DA:28,0
DA:29,0
DA:30,0
DA:32,0
DA:33,0
DA:34,0
DA:35,0
DA:36,0
DA:38,0
DA:42,0
DA:43,0
DA:69,0
DA:99,0
DA:111,0
DA:139,0
DA:160,0
DA:167,0
DA:206,0
LF:34
LH:0
BRDA:42,0,0,0
BRDA:42,0,1,0
BRDA:76,1,0,0
BRDA:76,1,1,0
BRDA:83,2,0,0
BRDA:83,2,1,0
BRDA:95,3,0,0
BRDA:95,3,1,0
BRDA:156,4,0,0
BRDA:156,4,1,0
BRDA:170,5,0,0
BRDA:170,5,1,0
BRDA:177,6,0,0
BRDA:177,6,1,0
BRDA:184,7,0,0
BRDA:184,7,1,0
BRDA:199,8,0,0
BRDA:199,8,1,0
BRF:18
BRH:0
end_of_record
TN:
SF:src\components\MaterialDetailModal.js
FN:18,(anonymous_0)
FN:20,(anonymous_1)
FN:27,(anonymous_2)
FN:34,(anonymous_3)
FN:41,(anonymous_4)
FN:54,(anonymous_5)
FN:59,(anonymous_6)
FN:69,(anonymous_7)
FN:81,(anonymous_8)
FN:88,(anonymous_9)
FN:89,(anonymous_10)
FN:91,(anonymous_11)
FN:101,(anonymous_12)
FN:103,(anonymous_13)
FN:114,(anonymous_14)
FN:120,(anonymous_15)
FN:133,(anonymous_16)
FN:163,(anonymous_17)
FN:195,(anonymous_18)
FN:201,(anonymous_19)
FN:206,(anonymous_20)
FN:213,(anonymous_21)
FN:216,(anonymous_22)
FN:220,(anonymous_23)
FN:224,(anonymous_24)
FN:232,(anonymous_25)
FN:237,(anonymous_26)
FN:244,(anonymous_27)
FN:252,(anonymous_28)
FN:260,(anonymous_29)
FN:270,(anonymous_30)
FN:271,(anonymous_31)
FN:278,(anonymous_32)
FN:286,(anonymous_33)
FN:331,(anonymous_34)
FN:344,(anonymous_35)
FN:390,(anonymous_36)
FN:397,(anonymous_37)
FN:600,(anonymous_38)
FN:633,(anonymous_39)
FN:680,(anonymous_40)
FN:689,(anonymous_41)
FN:690,(anonymous_42)
FN:707,(anonymous_43)
FN:710,(anonymous_44)
FN:721,(anonymous_45)
FN:947,(anonymous_46)
FN:958,(anonymous_47)
FN:986,(anonymous_48)
FN:997,(anonymous_49)
FNF:50
FNH:0
FNDA:0,(anonymous_0)
FNDA:0,(anonymous_1)
FNDA:0,(anonymous_2)
FNDA:0,(anonymous_3)
FNDA:0,(anonymous_4)
FNDA:0,(anonymous_5)
FNDA:0,(anonymous_6)
FNDA:0,(anonymous_7)
FNDA:0,(anonymous_8)
FNDA:0,(anonymous_9)
FNDA:0,(anonymous_10)
FNDA:0,(anonymous_11)
FNDA:0,(anonymous_12)
FNDA:0,(anonymous_13)
FNDA:0,(anonymous_14)
FNDA:0,(anonymous_15)
FNDA:0,(anonymous_16)
FNDA:0,(anonymous_17)
FNDA:0,(anonymous_18)
FNDA:0,(anonymous_19)
FNDA:0,(anonymous_20)
FNDA:0,(anonymous_21)
FNDA:0,(anonymous_22)
FNDA:0,(anonymous_23)
FNDA:0,(anonymous_24)
FNDA:0,(anonymous_25)
FNDA:0,(anonymous_26)
FNDA:0,(anonymous_27)
FNDA:0,(anonymous_28)
FNDA:0,(anonymous_29)
FNDA:0,(anonymous_30)
FNDA:0,(anonymous_31)
FNDA:0,(anonymous_32)
FNDA:0,(anonymous_33)
FNDA:0,(anonymous_34)
FNDA:0,(anonymous_35)
FNDA:0,(anonymous_36)
FNDA:0,(anonymous_37)
FNDA:0,(anonymous_38)
FNDA:0,(anonymous_39)
FNDA:0,(anonymous_40)
FNDA:0,(anonymous_41)
FNDA:0,(anonymous_42)
FNDA:0,(anonymous_43)
FNDA:0,(anonymous_44)
FNDA:0,(anonymous_45)
FNDA:0,(anonymous_46)
FNDA:0,(anonymous_47)
FNDA:0,(anonymous_48)
FNDA:0,(anonymous_49)
DA:18,0
DA:20,0
DA:21,0
DA:22,0
DA:23,0
DA:24,0
DA:27,0
DA:28,0
DA:29,0
DA:30,0
DA:31,0
DA:34,0
DA:35,0
DA:36,0
DA:37,0
DA:38,0
DA:41,0
DA:42,0
DA:43,0
DA:44,0
DA:46,0
DA:47,0
DA:48,0
DA:49,0
DA:50,0
DA:51,0
DA:54,0
DA:55,0
DA:56,0
DA:57,0
DA:59,0
DA:60,0
DA:61,0
DA:62,0
DA:63,0
DA:65,0
DA:68,0
DA:69,0
DA:70,0
DA:71,0
DA:72,0
DA:73,0
DA:75,0
DA:77,0
DA:81,0
DA:82,0
DA:85,0
DA:88,0
DA:89,0
DA:91,0
DA:92,0
DA:94,0
DA:101,0
DA:102,0
DA:103,0
DA:104,0
DA:105,0
DA:106,0
DA:107,0
DA:108,0
DA:109,0
DA:111,0
DA:114,0
DA:120,0
DA:129,0
DA:130,0
DA:131,0
DA:133,0
DA:135,0
DA:138,0
DA:157,0
DA:158,0
DA:159,0
DA:160,0
DA:163,0
DA:164,0
DA:165,0
DA:167,0
DA:169,0
DA:171,0
DA:191,0
DA:195,0
DA:196,0
DA:197,0
DA:200,0
DA:201,0
DA:206,0
DA:207,0
DA:208,0
DA:213,0
DA:216,0
DA:217,0
DA:218,0
DA:220,0
DA:223,0
DA:224,0
DA:225,0
DA:226,0
DA:227,0
DA:232,0
DA:233,0
DA:234,0
DA:235,0
DA:237,0
DA:243,0
DA:244,0
DA:245,0
DA:246,0
DA:247,0
DA:252,0
DA:253,0
DA:254,0
DA:255,0
DA:256,0
DA:257,0
DA:258,0
DA:260,0
DA:261,0
DA:262,0
DA:263,0
DA:265,0
DA:266,0
DA:270,0
DA:271,0
DA:276,0
DA:277,0
DA:278,0
DA:279,0
DA:280,0
DA:281,0
DA:286,0
DA:287,0
DA:290,0
DA:291,0
DA:293,0
DA:294,0
DA:298,0
DA:299,0
DA:300,0
DA:301,0
DA:302,0
DA:306,0
DA:307,0
DA:308,0
DA:309,0
DA:312,0
DA:318,0
DA:321,0
DA:327,0
DA:331,0
DA:332,0
DA:333,0
DA:334,0
DA:335,0
DA:336,0
DA:340,0
DA:341,0
DA:344,0
DA:345,0
DA:346,0
DA:349,0
DA:350,0
DA:351,0
DA:352,0
DA:353,0
DA:355,0
DA:356,0
DA:360,0
DA:372,0
DA:375,0
DA:376,0
DA:377,0
DA:379,0
DA:382,0
DA:388,0
DA:390,0
DA:397,0
DA:407,0
DA:426,0
DA:435,0
DA:436,0
DA:437,0
DA:438,0
DA:440,0
DA:601,0
DA:602,0
DA:623,0
DA:634,0
DA:635,0
DA:680,0
DA:689,0
DA:691,0
DA:707,0
DA:710,0
DA:722,0
DA:723,0
DA:948,0
DA:949,0
DA:950,0
DA:958,0
DA:986,0
DA:987,0
DA:997,0
DA:998,0
LF:204
LH:0
BRDA:20,0,0,0
BRDA:20,1,0,0
BRDA:21,2,0,0
BRDA:21,2,1,0
BRDA:22,3,0,0
BRDA:22,3,1,0
BRDA:23,4,0,0
BRDA:23,4,1,0
BRDA:27,5,0,0
BRDA:27,6,0,0
BRDA:28,7,0,0
BRDA:28,7,1,0
BRDA:29,8,0,0
BRDA:29,8,1,0
BRDA:30,9,0,0
BRDA:30,9,1,0
BRDA:35,10,0,0
BRDA:35,10,1,0
BRDA:35,11,0,0
BRDA:35,11,1,0
BRDA:35,11,2,0
BRDA:37,12,0,0
BRDA:37,12,1,0
BRDA:42,13,0,0
BRDA:42,13,1,0
BRDA:43,14,0,0
BRDA:43,14,1,0
BRDA:44,15,0,0
BRDA:44,15,1,0
BRDA:46,16,0,0
BRDA:46,16,1,0
BRDA:46,17,0,0
BRDA:46,17,1,0
BRDA:46,17,2,0
BRDA:47,18,0,0
BRDA:47,18,1,0
BRDA:47,19,0,0
BRDA:47,19,1,0
BRDA:47,19,2,0
BRDA:48,20,0,0
BRDA:48,20,1,0
BRDA:48,21,0,0
BRDA:48,21,1,0
BRDA:49,22,0,0
BRDA:49,22,1,0
BRDA:49,23,0,0
BRDA:49,23,1,0
BRDA:50,24,0,0
BRDA:50,24,1,0
BRDA:50,25,0,0
BRDA:50,25,1,0
BRDA:51,26,0,0
BRDA:51,26,1,0
BRDA:51,26,2,0
BRDA:65,27,0,0
BRDA:65,27,1,0
BRDA:69,28,0,0
BRDA:69,28,1,0
BRDA:71,29,0,0
BRDA:71,29,1,0
BRDA:72,30,0,0
BRDA:72,30,1,0
BRDA:82,31,0,0
BRDA:82,31,1,0
BRDA:92,32,0,0
BRDA:92,32,1,0
BRDA:95,33,0,0
BRDA:95,33,1,0
BRDA:95,33,2,0
BRDA:103,34,0,0
BRDA:103,34,1,0
BRDA:105,35,0,0
BRDA:105,35,1,0
BRDA:107,36,0,0
BRDA:107,36,1,0
BRDA:109,37,0,0
BRDA:109,37,1,0
BRDA:109,38,0,0
BRDA:109,38,1,0
BRDA:123,39,0,0
BRDA:133,40,0,0
BRDA:133,40,1,0
BRDA:164,41,0,0
BRDA:164,41,1,0
BRDA:167,42,0,0
BRDA:167,42,1,0
BRDA:169,43,0,0
BRDA:169,43,1,0
BRDA:169,44,0,0
BRDA:169,44,1,0
BRDA:169,44,2,0
BRDA:172,45,0,0
BRDA:172,45,1,0
BRDA:173,46,0,0
BRDA:173,46,1,0
BRDA:174,47,0,0
BRDA:174,47,1,0
BRDA:175,48,0,0
BRDA:175,48,1,0
BRDA:176,49,0,0
BRDA:176,49,1,0
BRDA:177,50,0,0
BRDA:177,50,1,0
BRDA:178,51,0,0
BRDA:178,51,1,0
BRDA:179,52,0,0
BRDA:179,52,1,0
BRDA:180,53,0,0
BRDA:180,53,1,0
BRDA:181,54,0,0
BRDA:181,54,1,0
BRDA:182,55,0,0
BRDA:182,55,1,0
BRDA:183,56,0,0
BRDA:183,56,1,0
BRDA:184,57,0,0
BRDA:184,57,1,0
BRDA:185,58,0,0
BRDA:185,58,1,0
BRDA:187,59,0,0
BRDA:187,59,1,0
BRDA:196,60,0,0
BRDA:196,60,1,0
BRDA:207,61,0,0
BRDA:207,61,1,0
BRDA:218,62,0,0
BRDA:218,62,1,0
BRDA:223,63,0,0
BRDA:223,63,1,0
BRDA:223,64,0,0
BRDA:223,64,1,0
BRDA:233,65,0,0
BRDA:233,65,1,0
BRDA:243,66,0,0
BRDA:243,66,1,0
BRDA:243,67,0,0
BRDA:243,67,1,0
BRDA:253,68,0,0
BRDA:253,68,1,0
BRDA:254,69,0,0
BRDA:254,69,1,0
BRDA:277,70,0,0
BRDA:277,70,1,0
BRDA:277,71,0,0
BRDA:277,71,1,0
BRDA:290,72,0,0
BRDA:290,72,1,0
BRDA:290,73,0,0
BRDA:290,73,1,0
BRDA:293,74,0,0
BRDA:293,74,1,0
BRDA:293,75,0,0
BRDA:293,75,1,0
BRDA:298,76,0,0
BRDA:298,76,1,0
BRDA:299,77,0,0
BRDA:299,77,1,0
BRDA:299,78,0,0
BRDA:299,78,1,0
BRDA:299,78,2,0
BRDA:301,79,0,0
BRDA:301,79,1,0
BRDA:306,80,0,0
BRDA:306,80,1,0
BRDA:306,81,0,0
BRDA:306,81,1,0
BRDA:306,81,2,0
BRDA:308,82,0,0
BRDA:308,82,1,0
BRDA:312,83,0,0
BRDA:312,83,1,0
BRDA:313,84,0,0
BRDA:313,84,1,0
BRDA:313,84,2,0
BRDA:313,84,3,0
BRDA:321,85,0,0
BRDA:321,85,1,0
BRDA:322,86,0,0
BRDA:322,86,1,0
BRDA:322,86,2,0
BRDA:322,86,3,0
BRDA:333,87,0,0
BRDA:333,87,1,0
BRDA:335,88,0,0
BRDA:335,88,1,0
BRDA:335,89,0,0
BRDA:335,89,1,0
BRDA:336,90,0,0
BRDA:336,90,1,0
BRDA:346,91,0,0
BRDA:346,91,1,0
BRDA:350,92,0,0
BRDA:350,92,1,0
BRDA:350,93,0,0
BRDA:350,93,1,0
BRDA:363,94,0,0
BRDA:363,94,1,0
BRDA:363,95,0,0
BRDA:363,95,1,0
BRDA:363,96,0,0
BRDA:363,96,1,0
BRDA:364,97,0,0
BRDA:364,97,1,0
BRDA:365,98,0,0
BRDA:365,98,1,0
BRDA:366,99,0,0
BRDA:366,99,1,0
BRDA:367,100,0,0
BRDA:367,100,1,0
BRDA:369,101,0,0
BRDA:369,101,1,0
BRDA:375,102,0,0
BRDA:375,102,1,0
BRDA:382,103,0,0
BRDA:382,103,1,0
BRDA:421,104,0,0
BRDA:421,104,1,0
BRDA:426,105,0,0
BRDA:426,105,1,0
BRDA:427,106,0,0
BRDA:427,106,1,0
BRDA:427,107,0,0
BRDA:427,107,1,0
BRDA:428,108,0,0
BRDA:428,108,1,0
BRDA:435,109,0,0
BRDA:435,109,1,0
BRDA:436,110,0,0
BRDA:436,110,1,0
BRDA:438,111,0,0
BRDA:438,111,1,0
BRDA:469,112,0,0
BRDA:469,112,1,0
BRDA:474,113,0,0
BRDA:474,113,1,0
BRDA:477,114,0,0
BRDA:477,114,1,0
BRDA:494,115,0,0
BRDA:494,115,1,0
BRDA:499,116,0,0
BRDA:499,116,1,0
BRDA:518,117,0,0
BRDA:518,117,1,0
BRDA:527,118,0,0
BRDA:527,118,1,0
BRDA:542,119,0,0
BRDA:542,119,1,0
BRDA:547,120,0,0
BRDA:547,120,1,0
BRDA:550,121,0,0
BRDA:550,121,1,0
BRDA:550,122,0,0
BRDA:550,122,1,0
BRDA:562,123,0,0
BRDA:562,123,1,0
BRDA:588,124,0,0
BRDA:588,124,1,0
BRDA:592,125,0,0
BRDA:592,125,1,0
BRDA:601,126,0,0
BRDA:601,126,1,0
BRDA:605,127,0,0
BRDA:605,127,1,0
BRDA:606,128,0,0
BRDA:606,128,1,0
BRDA:608,129,0,0
BRDA:608,129,1,0
BRDA:677,130,0,0
BRDA:677,130,1,0
BRDA:683,131,0,0
BRDA:683,131,1,0
BRDA:695,132,0,0
BRDA:695,132,1,0
BRDA:710,133,0,0
BRDA:710,133,1,0
BRDA:732,134,0,0
BRDA:732,134,1,0
BRDA:749,135,0,0
BRDA:749,135,1,0
BRDA:753,136,0,0
BRDA:753,136,1,0
BRDA:804,137,0,0
BRDA:804,137,1,0
BRDA:816,138,0,0
BRDA:816,138,1,0
BRDA:817,139,0,0
BRDA:817,139,1,0
BRDA:820,140,0,0
BRDA:820,140,1,0
BRDA:825,141,0,0
BRDA:825,141,1,0
BRDA:843,142,0,0
BRDA:843,142,1,0
BRDA:846,143,0,0
BRDA:846,143,1,0
BRDA:866,144,0,0
BRDA:866,144,1,0
BRDA:869,145,0,0
BRDA:869,145,1,0
BRDA:887,146,0,0
BRDA:887,146,1,0
BRDA:890,147,0,0
BRDA:890,147,1,0
BRDA:934,148,0,0
BRDA:934,148,1,0
BRDA:941,149,0,0
BRDA:941,149,1,0
BRDA:944,150,0,0
BRDA:944,150,1,0
BRDA:949,151,0,0
BRDA:949,151,1,0
BRDA:953,152,0,0
BRDA:953,152,1,0
BRDA:953,153,0,0
BRDA:953,153,1,0
BRDA:956,154,0,0
BRDA:956,154,1,0
BRDA:961,155,0,0
BRDA:961,155,1,0
BRDA:964,156,0,0
BRDA:964,156,1,0
BRDA:1001,157,0,0
BRDA:1001,157,1,0
BRF:323
BRH:0
end_of_record
TN:
SF:src\components\MaterialManagement.js
FN:24,(anonymous_0)
FN:67,(anonymous_1)
FN:68,(anonymous_2)
FN:99,(anonymous_3)
FN:106,(anonymous_4)
FN:113,(anonymous_5)
FN:121,(anonymous_6)
FN:123,(anonymous_7)
FN:128,(anonymous_8)
FN:141,(anonymous_9)
FN:165,(anonymous_10)
FN:171,(anonymous_11)
FN:176,(anonymous_12)
FN:181,(anonymous_13)
FN:185,(anonymous_14)
FN:195,(anonymous_15)
FN:199,(anonymous_16)
FN:212,(anonymous_17)
FN:215,(anonymous_18)
FN:252,(anonymous_19)
FN:254,(anonymous_20)
FN:256,(anonymous_21)
FN:257,(anonymous_22)
FN:263,(anonymous_23)
FN:271,(anonymous_24)
FN:278,(anonymous_25)
FN:283,(anonymous_26)
FN:288,(anonymous_27)
FN:297,(anonymous_28)
FN:302,(anonymous_29)
FN:303,(anonymous_30)
FN:310,(anonymous_31)
FN:315,(anonymous_32)
FN:330,(anonymous_33)
FN:335,(anonymous_34)
FN:341,(anonymous_35)
FN:346,(anonymous_36)
FN:363,(anonymous_37)
FN:385,(anonymous_38)
FN:390,(anonymous_39)
FN:421,(anonymous_40)
FN:428,(anonymous_41)
FN:435,(anonymous_42)
FN:454,(anonymous_43)
FN:476,(anonymous_44)
FN:487,(anonymous_45)
FN:498,(anonymous_46)
FN:509,(anonymous_47)
FN:524,(anonymous_48)
FN:540,(anonymous_49)
FN:545,(anonymous_50)
FN:586,(anonymous_51)
FN:596,(anonymous_52)
FN:599,(anonymous_53)
FN:616,(anonymous_54)
FN:626,(anonymous_55)
FN:629,(anonymous_56)
FN:641,(anonymous_57)
FN:657,(anonymous_58)
FN:678,(anonymous_59)
FN:694,(anonymous_60)
FN:725,(anonymous_61)
FN:735,(anonymous_62)
FN:738,(anonymous_63)
FN:755,(anonymous_64)
FN:759,(anonymous_65)
FN:772,(anonymous_66)
FN:787,(anonymous_67)
FN:804,(anonymous_68)
FN:810,(anonymous_69)
FN:811,(anonymous_70)
FN:818,(anonymous_71)
FN:827,(anonymous_72)
FN:885,(anonymous_73)
FN:887,(anonymous_74)
FN:899,(anonymous_75)
FN:909,(anonymous_76)
FNF:77
FNH:0
FNDA:0,(anonymous_0)
FNDA:0,(anonymous_1)
FNDA:0,(anonymous_2)
FNDA:0,(anonymous_3)
FNDA:0,(anonymous_4)
FNDA:0,(anonymous_5)
FNDA:0,(anonymous_6)
FNDA:0,(anonymous_7)
FNDA:0,(anonymous_8)
FNDA:0,(anonymous_9)
FNDA:0,(anonymous_10)
FNDA:0,(anonymous_11)
FNDA:0,(anonymous_12)
FNDA:0,(anonymous_13)
FNDA:0,(anonymous_14)
FNDA:0,(anonymous_15)
FNDA:0,(anonymous_16)
FNDA:0,(anonymous_17)
FNDA:0,(anonymous_18)
FNDA:0,(anonymous_19)
FNDA:0,(anonymous_20)
FNDA:0,(anonymous_21)
FNDA:0,(anonymous_22)
FNDA:0,(anonymous_23)
FNDA:0,(anonymous_24)
FNDA:0,(anonymous_25)
FNDA:0,(anonymous_26)
FNDA:0,(anonymous_27)
FNDA:0,(anonymous_28)
FNDA:0,(anonymous_29)
FNDA:0,(anonymous_30)
FNDA:0,(anonymous_31)
FNDA:0,(anonymous_32)
FNDA:0,(anonymous_33)
FNDA:0,(anonymous_34)
FNDA:0,(anonymous_35)
FNDA:0,(anonymous_36)
FNDA:0,(anonymous_37)
FNDA:0,(anonymous_38)
FNDA:0,(anonymous_39)
FNDA:0,(anonymous_40)
FNDA:0,(anonymous_41)
FNDA:0,(anonymous_42)
FNDA:0,(anonymous_43)
FNDA:0,(anonymous_44)
FNDA:0,(anonymous_45)
FNDA:0,(anonymous_46)
FNDA:0,(anonymous_47)
FNDA:0,(anonymous_48)
FNDA:0,(anonymous_49)
FNDA:0,(anonymous_50)
FNDA:0,(anonymous_51)
FNDA:0,(anonymous_52)
FNDA:0,(anonymous_53)
FNDA:0,(anonymous_54)
FNDA:0,(anonymous_55)
FNDA:0,(anonymous_56)
FNDA:0,(anonymous_57)
FNDA:0,(anonymous_58)
FNDA:0,(anonymous_59)
FNDA:0,(anonymous_60)
FNDA:0,(anonymous_61)
FNDA:0,(anonymous_62)
FNDA:0,(anonymous_63)
FNDA:0,(anonymous_64)
FNDA:0,(anonymous_65)
FNDA:0,(anonymous_66)
FNDA:0,(anonymous_67)
FNDA:0,(anonymous_68)
FNDA:0,(anonymous_69)
FNDA:0,(anonymous_70)
FNDA:0,(anonymous_71)
FNDA:0,(anonymous_72)
FNDA:0,(anonymous_73)
FNDA:0,(anonymous_74)
FNDA:0,(anonymous_75)
FNDA:0,(anonymous_76)
DA:24,0
DA:25,0
DA:26,0
DA:27,0
DA:28,0
DA:29,0
DA:30,0
DA:31,0
DA:32,0
DA:33,0
DA:34,0
DA:35,0
DA:36,0
DA:50,0
DA:51,0
DA:56,0
DA:57,0
DA:58,0
DA:59,0
DA:60,0
DA:61,0
DA:62,0
DA:64,0
DA:67,0
DA:68,0
DA:69,0
DA:70,0
DA:71,0
DA:73,0
DA:76,0
DA:79,0
DA:99,0
DA:100,0
DA:101,0
DA:102,0
DA:103,0
DA:106,0
DA:107,0
DA:108,0
DA:109,0
DA:110,0
DA:113,0
DA:114,0
DA:120,0
DA:121,0
DA:123,0
DA:124,0
DA:126,0
DA:128,0
DA:129,0
DA:132,0
DA:134,0
DA:136,0
DA:140,0
DA:142,0
DA:144,0
DA:145,0
DA:148,0
DA:149,0
DA:150,0
DA:151,0
DA:152,0
DA:153,0
DA:156,0
DA:157,0
DA:159,0
DA:160,0
DA:162,0
DA:165,0
DA:166,0
DA:167,0
DA:171,0
DA:172,0
DA:173,0
DA:176,0
DA:177,0
DA:178,0
DA:181,0
DA:182,0
DA:185,0
DA:186,0
DA:190,0
DA:191,0
DA:195,0
DA:196,0
DA:197,0
DA:198,0
DA:199,0
DA:201,0
DA:202,0
DA:205,0
DA:207,0
DA:212,0
DA:213,0
DA:214,0
DA:215,0
DA:217,0
DA:223,0
DA:224,0
DA:226,0
DA:232,0
DA:233,0
DA:237,0
DA:252,0
DA:253,0
DA:254,0
DA:256,0
DA:257,0
DA:263,0
DA:264,0
DA:265,0
DA:266,0
DA:268,0
DA:271,0
DA:272,0
DA:273,0
DA:274,0
DA:275,0
DA:278,0
DA:279,0
DA:280,0
DA:283,0
DA:284,0
DA:285,0
DA:288,0
DA:289,0
DA:290,0
DA:291,0
DA:293,0
DA:297,0
DA:298,0
DA:302,0
DA:303,0
DA:304,0
DA:305,0
DA:309,0
DA:310,0
DA:311,0
DA:315,0
DA:316,0
DA:318,0
DA:322,0
DA:323,0
DA:325,0
DA:326,0
DA:330,0
DA:331,0
DA:335,0
DA:336,0
DA:337,0
DA:338,0
DA:341,0
DA:342,0
DA:343,0
DA:346,0
DA:347,0
DA:349,0
DA:350,0
DA:351,0
DA:352,0
DA:353,0
DA:356,0
DA:357,0
DA:358,0
DA:359,0
DA:363,0
DA:364,0
DA:365,0
DA:369,0
DA:370,0
DA:371,0
DA:373,0
DA:374,0
DA:377,0
DA:378,0
DA:380,0
DA:381,0
DA:385,0
DA:386,0
DA:387,0
DA:390,0
DA:391,0
DA:392,0
DA:393,0
DA:394,0
DA:395,0
DA:396,0
DA:397,0
DA:398,0
DA:401,0
DA:421,0
DA:428,0
DA:435,0
DA:454,0
DA:476,0
DA:487,0
DA:498,0
DA:509,0
DA:524,0
DA:541,0
DA:545,0
DA:586,0
DA:596,0
DA:600,0
DA:616,0
DA:626,0
DA:630,0
DA:641,0
DA:657,0
DA:678,0
DA:694,0
DA:725,0
DA:735,0
DA:739,0
DA:756,0
DA:759,0
DA:772,0
DA:787,0
DA:804,0
DA:810,0
DA:812,0
DA:813,0
DA:814,0
DA:815,0
DA:818,0
DA:828,0
DA:829,0
DA:885,0
DA:888,0
DA:889,0
DA:900,0
DA:901,0
DA:910,0
DA:911,0
LF:234
LH:0
BRDA:100,0,0,0
BRDA:100,0,1,0
BRDA:101,1,0,0
BRDA:101,1,1,0
BRDA:102,2,0,0
BRDA:102,2,1,0
BRDA:107,3,0,0
BRDA:107,3,1,0
BRDA:108,4,0,0
BRDA:108,4,1,0
BRDA:109,5,0,0
BRDA:109,5,1,0
BRDA:114,6,0,0
BRDA:114,6,1,0
BRDA:114,6,2,0
BRDA:114,6,3,0
BRDA:120,7,0,0
BRDA:120,7,1,0
BRDA:120,7,2,0
BRDA:124,8,0,0
BRDA:124,8,1,0
BRDA:126,9,0,0
BRDA:126,9,1,0
BRDA:126,9,2,0
BRDA:126,9,3,0
BRDA:140,10,0,0
BRDA:140,10,1,0
BRDA:140,10,2,0
BRDA:142,11,0,0
BRDA:142,11,1,0
BRDA:148,12,0,0
BRDA:148,12,1,0
BRDA:149,13,0,0
BRDA:149,13,1,0
BRDA:150,14,0,0
BRDA:150,14,1,0
BRDA:151,15,0,0
BRDA:151,15,1,0
BRDA:152,16,0,0
BRDA:152,16,1,0
BRDA:153,17,0,0
BRDA:153,17,1,0
BRDA:156,18,0,0
BRDA:156,18,1,0
BRDA:157,19,0,0
BRDA:157,19,1,0
BRDA:159,20,0,0
BRDA:159,20,1,0
BRDA:160,21,0,0
BRDA:160,21,1,0
BRDA:201,22,0,0
BRDA:201,22,1,0
BRDA:201,23,0,0
BRDA:201,23,1,0
BRDA:223,24,0,0
BRDA:223,24,1,0
BRDA:265,25,0,0
BRDA:265,25,1,0
BRDA:265,26,0,0
BRDA:265,26,1,0
BRDA:289,27,0,0
BRDA:289,27,1,0
BRDA:304,28,0,0
BRDA:304,28,1,0
BRDA:304,29,0,0
BRDA:304,29,1,0
BRDA:316,30,0,0
BRDA:316,30,1,0
BRDA:338,31,0,0
BRDA:338,31,1,0
BRDA:349,32,0,0
BRDA:349,32,1,0
BRDA:350,33,0,0
BRDA:350,33,1,0
BRDA:357,34,0,0
BRDA:357,34,1,0
BRDA:357,35,0,0
BRDA:357,35,1,0
BRDA:364,36,0,0
BRDA:364,36,1,0
BRDA:386,37,0,0
BRDA:386,37,1,0
BRDA:386,38,0,0
BRDA:386,38,1,0
BRDA:386,38,2,0
BRDA:476,39,0,0
BRDA:476,39,1,0
BRDA:487,40,0,0
BRDA:487,40,1,0
BRDA:487,40,2,0
BRDA:530,41,0,0
BRDA:530,41,1,0
BRDA:535,42,0,0
BRDA:535,42,1,0
BRDA:545,43,0,0
BRDA:545,43,1,0
BRDA:546,44,0,0
BRDA:546,44,1,0
BRDA:550,45,0,0
BRDA:550,45,1,0
BRDA:553,46,0,0
BRDA:553,46,1,0
BRDA:575,47,0,0
BRDA:575,47,1,0
BRDA:580,48,0,0
BRDA:580,48,1,0
BRDA:586,49,0,0
BRDA:586,49,1,0
BRDA:591,50,0,0
BRDA:591,50,1,0
BRDA:610,51,0,0
BRDA:610,51,1,0
BRDA:616,52,0,0
BRDA:616,52,1,0
BRDA:621,53,0,0
BRDA:621,53,1,0
BRDA:640,54,0,0
BRDA:640,54,1,0
BRDA:645,55,0,0
BRDA:645,55,1,0
BRDA:647,56,0,0
BRDA:647,56,1,0
BRDA:656,57,0,0
BRDA:656,57,1,0
BRDA:661,58,0,0
BRDA:661,58,1,0
BRDA:663,59,0,0
BRDA:663,59,1,0
BRDA:672,60,0,0
BRDA:672,60,1,0
BRDA:677,61,0,0
BRDA:677,61,1,0
BRDA:682,62,0,0
BRDA:682,62,1,0
BRDA:684,63,0,0
BRDA:684,63,1,0
BRDA:693,64,0,0
BRDA:693,64,1,0
BRDA:698,65,0,0
BRDA:698,65,1,0
BRDA:700,66,0,0
BRDA:700,66,1,0
BRDA:709,67,0,0
BRDA:709,67,1,0
BRDA:714,68,0,0
BRDA:714,68,1,0
BRDA:719,69,0,0
BRDA:719,69,1,0
BRDA:725,70,0,0
BRDA:725,70,1,0
BRDA:730,71,0,0
BRDA:730,71,1,0
BRDA:761,72,0,0
BRDA:761,72,1,0
BRDA:766,73,0,0
BRDA:766,73,1,0
BRDA:766,73,2,0
BRDA:784,74,0,0
BRDA:784,74,1,0
BRDA:787,75,0,0
BRDA:787,75,1,0
BRDA:791,76,0,0
BRDA:791,76,1,0
BRDA:796,77,0,0
BRDA:796,77,1,0
BRDA:803,78,0,0
BRDA:803,78,1,0
BRDA:805,79,0,0
BRDA:805,79,1,0
BRDA:812,80,0,0
BRDA:812,80,1,0
BRDA:814,81,0,0
BRDA:814,81,1,0
BRDA:834,82,0,0
BRDA:834,82,1,0
BRDA:840,83,0,0
BRDA:840,83,1,0
BRDA:842,84,0,0
BRDA:842,84,1,0
BRDA:845,85,0,0
BRDA:845,85,1,0
BRDA:847,86,0,0
BRDA:847,86,1,0
BRDA:850,87,0,0
BRDA:850,87,1,0
BRDA:852,88,0,0
BRDA:852,88,1,0
BRDA:855,89,0,0
BRDA:855,89,1,0
BRDA:857,90,0,0
BRDA:857,90,1,0
BRDA:860,91,0,0
BRDA:860,91,1,0
BRDA:862,92,0,0
BRDA:862,92,1,0
BRDA:877,93,0,0
BRDA:877,93,1,0
BRDA:889,94,0,0
BRDA:889,94,1,0
BRDA:895,95,0,0
BRDA:895,95,1,0
BRDA:928,96,0,0
BRDA:928,96,1,0
BRDA:933,97,0,0
BRDA:933,97,1,0
BRDA:933,98,0,0
BRDA:933,98,1,0
BRF:207
BRH:0
end_of_record
TN:
SF:src\components\OrderManagement.js
FN:7,(anonymous_0)
FN:16,(anonymous_1)
FN:17,(anonymous_2)
FN:24,(anonymous_3)
FN:43,(anonymous_4)
FN:62,(anonymous_5)
FN:63,(anonymous_6)
FN:74,(anonymous_7)
FN:92,(anonymous_8)
FN:98,(anonymous_9)
FN:105,(anonymous_10)
FN:126,(anonymous_11)
FN:134,(anonymous_12)
FN:135,(anonymous_13)
FN:136,(anonymous_14)
FN:139,(anonymous_15)
FN:153,(anonymous_16)
FN:247,(anonymous_17)
FN:290,(anonymous_18)
FN:299,(anonymous_19)
FN:353,(anonymous_20)
FN:386,(anonymous_21)
FN:409,(anonymous_22)
FN:427,(anonymous_23)
FN:441,(anonymous_24)
FN:454,(anonymous_25)
FNF:26
FNH:0
FNDA:0,(anonymous_0)
FNDA:0,(anonymous_1)
FNDA:0,(anonymous_2)
FNDA:0,(anonymous_3)
FNDA:0,(anonymous_4)
FNDA:0,(anonymous_5)
FNDA:0,(anonymous_6)
FNDA:0,(anonymous_7)
FNDA:0,(anonymous_8)
FNDA:0,(anonymous_9)
FNDA:0,(anonymous_10)
FNDA:0,(anonymous_11)
FNDA:0,(anonymous_12)
FNDA:0,(anonymous_13)
FNDA:0,(anonymous_14)
FNDA:0,(anonymous_15)
FNDA:0,(anonymous_16)
FNDA:0,(anonymous_17)
FNDA:0,(anonymous_18)
FNDA:0,(anonymous_19)
FNDA:0,(anonymous_20)
FNDA:0,(anonymous_21)
FNDA:0,(anonymous_22)
FNDA:0,(anonymous_23)
FNDA:0,(anonymous_24)
FNDA:0,(anonymous_25)
DA:7,0
DA:8,0
DA:9,0
DA:10,0
DA:11,0
DA:12,0
DA:13,0
DA:16,0
DA:17,0
DA:18,0
DA:20,0
DA:24,0
DA:25,0
DA:26,0
DA:27,0
DA:33,0
DA:35,0
DA:36,0
DA:38,0
DA:43,0
DA:44,0
DA:45,0
DA:46,0
DA:52,0
DA:54,0
DA:55,0
DA:57,0
DA:62,0
DA:63,0
DA:64,0
DA:67,0
DA:68,0
DA:69,0
DA:72,0
DA:73,0
DA:74,0
DA:75,0
DA:82,0
DA:83,0
DA:85,0
DA:86,0
DA:88,0
DA:92,0
DA:93,0
DA:94,0
DA:95,0
DA:98,0
DA:99,0
DA:100,0
DA:101,0
DA:105,0
DA:106,0
DA:107,0
DA:108,0
DA:114,0
DA:115,0
DA:116,0
DA:118,0
DA:119,0
DA:121,0
DA:126,0
DA:127,0
DA:134,0
DA:135,0
DA:136,0
DA:139,0
DA:140,0
DA:143,0
DA:153,0
DA:248,0
DA:290,0
DA:299,0
DA:354,0
DA:386,0
DA:410,0
DA:411,0
DA:427,0
DA:442,0
DA:454,0
LF:79
LH:0
BRDA:18,0,0,0
BRDA:18,0,1,0
BRDA:18,0,2,0
BRDA:18,0,3,0
BRDA:64,1,0,0
BRDA:64,1,1,0
BRDA:64,1,2,0
BRDA:64,1,3,0
BRDA:67,2,0,0
BRDA:67,2,1,0
BRDA:93,3,0,0
BRDA:93,3,1,0
BRDA:94,4,0,0
BRDA:94,4,1,0
BRDA:99,5,0,0
BRDA:99,5,1,0
BRDA:100,6,0,0
BRDA:100,6,1,0
BRDA:127,7,0,0
BRDA:127,7,1,0
BRDA:127,7,2,0
BRDA:127,7,3,0
BRDA:127,7,4,0
BRDA:134,8,0,0
BRDA:134,8,1,0
BRDA:134,8,2,0
BRDA:134,8,3,0
BRDA:136,9,0,0
BRDA:136,9,1,0
BRDA:136,9,2,0
BRDA:136,9,3,0
BRDA:140,10,0,0
BRDA:140,10,1,0
BRDA:140,10,2,0
BRDA:140,10,3,0
BRDA:161,11,0,0
BRDA:161,11,1,0
BRDA:216,12,0,0
BRDA:216,12,1,0
BRDA:253,13,0,0
BRDA:253,13,1,0
BRDA:260,14,0,0
BRDA:260,14,1,0
BRDA:279,15,0,0
BRDA:279,15,1,0
BRDA:288,16,0,0
BRDA:288,16,1,0
BRDA:317,17,0,0
BRDA:317,17,1,0
BRDA:381,18,0,0
BRDA:381,18,1,0
BRDA:403,19,0,0
BRDA:403,19,1,0
BRDA:435,20,0,0
BRDA:435,20,1,0
BRF:55
BRH:0
end_of_record
TN:
SF:src\components\PVConfigurator.js
FN:100,(anonymous_0)
FN:105,(anonymous_1)
FN:114,(anonymous_2)
FN:115,(anonymous_3)
FN:119,(anonymous_4)
FN:131,(anonymous_5)
FN:143,(anonymous_6)
FN:164,(anonymous_7)
FN:174,(anonymous_8)
FN:190,(anonymous_9)
FN:377,(anonymous_10)
FN:384,(anonymous_11)
FN:386,(anonymous_12)
FN:387,(anonymous_13)
FN:392,(anonymous_14)
FN:398,(anonymous_15)
FN:404,(anonymous_16)
FN:405,(anonymous_17)
FN:406,(anonymous_18)
FN:420,(anonymous_19)
FN:421,(anonymous_20)
FN:549,(anonymous_21)
FN:562,(anonymous_22)
FN:573,(anonymous_23)
FN:574,(anonymous_24)
FN:575,(anonymous_25)
FN:576,(anonymous_26)
FN:577,(anonymous_27)
FN:578,(anonymous_28)
FN:579,(anonymous_29)
FN:580,(anonymous_30)
FN:581,(anonymous_31)
FN:582,(anonymous_32)
FN:583,(anonymous_33)
FN:584,(anonymous_34)
FN:588,(anonymous_35)
FN:601,(anonymous_36)
FN:612,(anonymous_37)
FN:624,(anonymous_38)
FN:633,(anonymous_39)
FN:638,(anonymous_40)
FN:646,(anonymous_41)
FN:710,(anonymous_42)
FN:731,(anonymous_43)
FN:740,(anonymous_44)
FN:804,(anonymous_45)
FN:815,(anonymous_46)
FN:820,(anonymous_47)
FN:854,(anonymous_48)
FN:882,(anonymous_49)
FN:905,(anonymous_50)
FN:917,(anonymous_51)
FN:919,(anonymous_52)
FN:931,(anonymous_53)
FN:932,(anonymous_54)
FN:949,(anonymous_55)
FN:969,(anonymous_56)
FN:970,(anonymous_57)
FN:1030,(anonymous_58)
FN:1211,(anonymous_59)
FN:1255,(anonymous_60)
FN:1275,(anonymous_61)
FN:1384,(anonymous_62)
FN:1391,(anonymous_63)
FN:1397,(anonymous_64)
FN:1402,(anonymous_65)
FN:1406,(anonymous_66)
FN:1422,(anonymous_67)
FN:1432,(anonymous_68)
FN:1438,(anonymous_69)
FN:1463,(anonymous_70)
FN:1467,(anonymous_71)
FN:1467,(anonymous_72)
FN:1494,(anonymous_73)
FN:1495,(anonymous_74)
FN:1495,(anonymous_75)
FN:1495,(anonymous_76)
FN:1497,(anonymous_77)
FN:1504,(anonymous_78)
FN:1506,(anonymous_79)
FN:1506,(anonymous_80)
FN:1509,(anonymous_81)
FN:1510,(anonymous_82)
FN:1511,(anonymous_83)
FN:1517,(anonymous_84)
FN:1518,(anonymous_85)
FN:1519,(anonymous_86)
FN:1521,(anonymous_87)
FN:1525,(anonymous_88)
FN:1527,(anonymous_89)
FN:1528,(anonymous_90)
FN:1533,(anonymous_91)
FN:1534,(anonymous_92)
FN:1538,(anonymous_93)
FN:1539,(anonymous_94)
FN:1541,(anonymous_95)
FN:1545,(anonymous_96)
FN:1553,(anonymous_97)
FN:1556,(anonymous_98)
FN:1560,(anonymous_99)
FN:1561,(anonymous_100)
FN:1562,(anonymous_101)
FN:1573,(anonymous_102)
FN:1575,(anonymous_103)
FN:1577,(anonymous_104)
FN:1578,(anonymous_105)
FN:1599,(anonymous_106)
FN:1600,(anonymous_107)
FN:1606,(anonymous_108)
FN:1645,(anonymous_109)
FN:1819,(anonymous_110)
FN:1820,(anonymous_111)
FN:1839,(anonymous_112)
FN:1842,(anonymous_113)
FN:1843,(anonymous_114)
FN:1872,(anonymous_115)
FN:1884,(anonymous_116)
FN:1885,(anonymous_117)
FN:1895,(anonymous_118)
FN:1896,(anonymous_119)
FN:1898,(anonymous_120)
FN:1908,(anonymous_121)
FN:1909,(anonymous_122)
FN:1928,(anonymous_123)
FN:1940,(anonymous_124)
FN:1941,(anonymous_125)
FN:1951,(anonymous_126)
FN:1952,(anonymous_127)
FN:1954,(anonymous_128)
FN:1964,(anonymous_129)
FN:1965,(anonymous_130)
FN:2013,(anonymous_131)
FN:2014,(anonymous_132)
FN:2028,(anonymous_133)
FN:2029,(anonymous_134)
FN:2044,(anonymous_135)
FN:2045,(anonymous_136)
FN:2056,(anonymous_137)
FN:2057,(anonymous_138)
FN:2074,(anonymous_139)
FN:2075,(anonymous_140)
FN:2087,(anonymous_141)
FN:2088,(anonymous_142)
FN:2099,(anonymous_143)
FN:2100,(anonymous_144)
FN:2118,(anonymous_145)
FN:2119,(anonymous_146)
FN:2130,(anonymous_147)
FN:2131,(anonymous_148)
FN:2146,(anonymous_149)
FN:2151,(anonymous_150)
FN:2160,(anonymous_151)
FN:2162,(anonymous_152)
FN:2163,(anonymous_153)
FN:2184,(anonymous_154)
FN:2184,(anonymous_155)
FN:2193,(anonymous_156)
FN:2193,(anonymous_157)
FN:2206,(anonymous_158)
FN:2213,(anonymous_159)
FN:2216,(anonymous_160)
FN:2223,(anonymous_161)
FN:2260,(anonymous_162)
FN:2261,(anonymous_163)
FN:2271,(anonymous_164)
FN:2272,(anonymous_165)
FN:2287,(anonymous_166)
FN:2287,(anonymous_167)
FN:2294,(anonymous_168)
FN:2294,(anonymous_169)
FN:2301,(anonymous_170)
FN:2301,(anonymous_171)
FN:2316,(anonymous_172)
FN:2317,(anonymous_173)
FN:2327,(anonymous_174)
FN:2328,(anonymous_175)
FN:2343,(anonymous_176)
FN:2344,(anonymous_177)
FN:2354,(anonymous_178)
FN:2355,(anonymous_179)
FN:2373,(anonymous_180)
FN:2374,(anonymous_181)
FN:2384,(anonymous_182)
FN:2385,(anonymous_183)
FN:2403,(anonymous_184)
FN:2403,(anonymous_185)
FN:2410,(anonymous_186)
FN:2410,(anonymous_187)
FN:2425,(anonymous_188)
FN:2426,(anonymous_189)
FN:2436,(anonymous_190)
FN:2437,(anonymous_191)
FN:2457,(anonymous_192)
FN:2458,(anonymous_193)
FN:2469,(anonymous_194)
FN:2470,(anonymous_195)
FN:2486,(anonymous_196)
FN:2487,(anonymous_197)
FN:2498,(anonymous_198)
FN:2499,(anonymous_199)
FN:2515,(anonymous_200)
FN:2516,(anonymous_201)
FN:2527,(anonymous_202)
FN:2528,(anonymous_203)
FN:2544,(anonymous_204)
FN:2545,(anonymous_205)
FN:2556,(anonymous_206)
FN:2557,(anonymous_207)
FN:2573,(anonymous_208)
FN:2574,(anonymous_209)
FN:2585,(anonymous_210)
FN:2586,(anonymous_211)
FN:2602,(anonymous_212)
FN:2603,(anonymous_213)
FN:2614,(anonymous_214)
FN:2615,(anonymous_215)
FN:2639,(anonymous_216)
FN:2664,(anonymous_217)
FN:2688,(anonymous_218)
FN:2705,(anonymous_219)
FN:2707,(anonymous_220)
FN:2718,(anonymous_221)
FN:2719,(anonymous_222)
FN:2719,(anonymous_223)
FN:2744,(anonymous_224)
FN:2745,(anonymous_225)
FN:2754,(anonymous_226)
FN:2757,(anonymous_227)
FN:2816,(anonymous_228)
FN:2817,(anonymous_229)
FN:2826,(anonymous_230)
FN:2830,(anonymous_231)
FN:2836,(anonymous_232)
FN:2837,(anonymous_233)
FN:2839,(anonymous_234)
FN:2840,(anonymous_235)
FN:2847,(anonymous_236)
FN:2855,(anonymous_237)
FN:2857,(anonymous_238)
FN:2857,(anonymous_239)
FN:2859,(anonymous_240)
FN:2860,(anonymous_241)
FN:2869,(anonymous_242)
FN:2870,(anonymous_243)
FN:2914,(anonymous_244)
FN:2925,(anonymous_245)
FN:2936,(anonymous_246)
FN:2956,(anonymous_247)
FN:2964,(anonymous_248)
FN:2971,(anonymous_249)
FN:2977,(anonymous_250)
FNF:251
FNH:0
FNDA:0,(anonymous_0)
FNDA:0,(anonymous_1)
FNDA:0,(anonymous_2)
FNDA:0,(anonymous_3)
FNDA:0,(anonymous_4)
FNDA:0,(anonymous_5)
FNDA:0,(anonymous_6)
FNDA:0,(anonymous_7)
FNDA:0,(anonymous_8)
FNDA:0,(anonymous_9)
FNDA:0,(anonymous_10)
FNDA:0,(anonymous_11)
FNDA:0,(anonymous_12)
FNDA:0,(anonymous_13)
FNDA:0,(anonymous_14)
FNDA:0,(anonymous_15)
FNDA:0,(anonymous_16)
FNDA:0,(anonymous_17)
FNDA:0,(anonymous_18)
FNDA:0,(anonymous_19)
FNDA:0,(anonymous_20)
FNDA:0,(anonymous_21)
FNDA:0,(anonymous_22)
FNDA:0,(anonymous_23)
FNDA:0,(anonymous_24)
FNDA:0,(anonymous_25)
FNDA:0,(anonymous_26)
FNDA:0,(anonymous_27)
FNDA:0,(anonymous_28)
FNDA:0,(anonymous_29)
FNDA:0,(anonymous_30)
FNDA:0,(anonymous_31)
FNDA:0,(anonymous_32)
FNDA:0,(anonymous_33)
FNDA:0,(anonymous_34)
FNDA:0,(anonymous_35)
FNDA:0,(anonymous_36)
FNDA:0,(anonymous_37)
FNDA:0,(anonymous_38)
FNDA:0,(anonymous_39)
FNDA:0,(anonymous_40)
FNDA:0,(anonymous_41)
FNDA:0,(anonymous_42)
FNDA:0,(anonymous_43)
FNDA:0,(anonymous_44)
FNDA:0,(anonymous_45)
FNDA:0,(anonymous_46)
FNDA:0,(anonymous_47)
FNDA:0,(anonymous_48)
FNDA:0,(anonymous_49)
FNDA:0,(anonymous_50)
FNDA:0,(anonymous_51)
FNDA:0,(anonymous_52)
FNDA:0,(anonymous_53)
FNDA:0,(anonymous_54)
FNDA:0,(anonymous_55)
FNDA:0,(anonymous_56)
FNDA:0,(anonymous_57)
FNDA:0,(anonymous_58)
FNDA:0,(anonymous_59)
FNDA:0,(anonymous_60)
FNDA:0,(anonymous_61)
FNDA:0,(anonymous_62)
FNDA:0,(anonymous_63)
FNDA:0,(anonymous_64)
FNDA:0,(anonymous_65)
FNDA:0,(anonymous_66)
FNDA:0,(anonymous_67)
FNDA:0,(anonymous_68)
FNDA:0,(anonymous_69)
FNDA:0,(anonymous_70)
FNDA:0,(anonymous_71)
FNDA:0,(anonymous_72)
FNDA:0,(anonymous_73)
FNDA:0,(anonymous_74)
FNDA:0,(anonymous_75)
FNDA:0,(anonymous_76)
FNDA:0,(anonymous_77)
FNDA:0,(anonymous_78)
FNDA:0,(anonymous_79)
FNDA:0,(anonymous_80)
FNDA:0,(anonymous_81)
FNDA:0,(anonymous_82)
FNDA:0,(anonymous_83)
FNDA:0,(anonymous_84)
FNDA:0,(anonymous_85)
FNDA:0,(anonymous_86)
FNDA:0,(anonymous_87)
FNDA:0,(anonymous_88)
FNDA:0,(anonymous_89)
FNDA:0,(anonymous_90)
FNDA:0,(anonymous_91)
FNDA:0,(anonymous_92)
FNDA:0,(anonymous_93)
FNDA:0,(anonymous_94)
FNDA:0,(anonymous_95)
FNDA:0,(anonymous_96)
FNDA:0,(anonymous_97)
FNDA:0,(anonymous_98)
FNDA:0,(anonymous_99)
FNDA:0,(anonymous_100)
FNDA:0,(anonymous_101)
FNDA:0,(anonymous_102)
FNDA:0,(anonymous_103)
FNDA:0,(anonymous_104)
FNDA:0,(anonymous_105)
FNDA:0,(anonymous_106)
FNDA:0,(anonymous_107)
FNDA:0,(anonymous_108)
FNDA:0,(anonymous_109)
FNDA:0,(anonymous_110)
FNDA:0,(anonymous_111)
FNDA:0,(anonymous_112)
FNDA:0,(anonymous_113)
FNDA:0,(anonymous_114)
FNDA:0,(anonymous_115)
FNDA:0,(anonymous_116)
FNDA:0,(anonymous_117)
FNDA:0,(anonymous_118)
FNDA:0,(anonymous_119)
FNDA:0,(anonymous_120)
FNDA:0,(anonymous_121)
FNDA:0,(anonymous_122)
FNDA:0,(anonymous_123)
FNDA:0,(anonymous_124)
FNDA:0,(anonymous_125)
FNDA:0,(anonymous_126)
FNDA:0,(anonymous_127)
FNDA:0,(anonymous_128)
FNDA:0,(anonymous_129)
FNDA:0,(anonymous_130)
FNDA:0,(anonymous_131)
FNDA:0,(anonymous_132)
FNDA:0,(anonymous_133)
FNDA:0,(anonymous_134)
FNDA:0,(anonymous_135)
FNDA:0,(anonymous_136)
FNDA:0,(anonymous_137)
FNDA:0,(anonymous_138)
FNDA:0,(anonymous_139)
FNDA:0,(anonymous_140)
FNDA:0,(anonymous_141)
FNDA:0,(anonymous_142)
FNDA:0,(anonymous_143)
FNDA:0,(anonymous_144)
FNDA:0,(anonymous_145)
FNDA:0,(anonymous_146)
FNDA:0,(anonymous_147)
FNDA:0,(anonymous_148)
FNDA:0,(anonymous_149)
FNDA:0,(anonymous_150)
FNDA:0,(anonymous_151)
FNDA:0,(anonymous_152)
FNDA:0,(anonymous_153)
FNDA:0,(anonymous_154)
FNDA:0,(anonymous_155)
FNDA:0,(anonymous_156)
FNDA:0,(anonymous_157)
FNDA:0,(anonymous_158)
FNDA:0,(anonymous_159)
FNDA:0,(anonymous_160)
FNDA:0,(anonymous_161)
FNDA:0,(anonymous_162)
FNDA:0,(anonymous_163)
FNDA:0,(anonymous_164)
FNDA:0,(anonymous_165)
FNDA:0,(anonymous_166)
FNDA:0,(anonymous_167)
FNDA:0,(anonymous_168)
FNDA:0,(anonymous_169)
FNDA:0,(anonymous_170)
FNDA:0,(anonymous_171)
FNDA:0,(anonymous_172)
FNDA:0,(anonymous_173)
FNDA:0,(anonymous_174)
FNDA:0,(anonymous_175)
FNDA:0,(anonymous_176)
FNDA:0,(anonymous_177)
FNDA:0,(anonymous_178)
FNDA:0,(anonymous_179)
FNDA:0,(anonymous_180)
FNDA:0,(anonymous_181)
FNDA:0,(anonymous_182)
FNDA:0,(anonymous_183)
FNDA:0,(anonymous_184)
FNDA:0,(anonymous_185)
FNDA:0,(anonymous_186)
FNDA:0,(anonymous_187)
FNDA:0,(anonymous_188)
FNDA:0,(anonymous_189)
FNDA:0,(anonymous_190)
FNDA:0,(anonymous_191)
FNDA:0,(anonymous_192)
FNDA:0,(anonymous_193)
FNDA:0,(anonymous_194)
FNDA:0,(anonymous_195)
FNDA:0,(anonymous_196)
FNDA:0,(anonymous_197)
FNDA:0,(anonymous_198)
FNDA:0,(anonymous_199)
FNDA:0,(anonymous_200)
FNDA:0,(anonymous_201)
FNDA:0,(anonymous_202)
FNDA:0,(anonymous_203)
FNDA:0,(anonymous_204)
FNDA:0,(anonymous_205)
FNDA:0,(anonymous_206)
FNDA:0,(anonymous_207)
FNDA:0,(anonymous_208)
FNDA:0,(anonymous_209)
FNDA:0,(anonymous_210)
FNDA:0,(anonymous_211)
FNDA:0,(anonymous_212)
FNDA:0,(anonymous_213)
FNDA:0,(anonymous_214)
FNDA:0,(anonymous_215)
FNDA:0,(anonymous_216)
FNDA:0,(anonymous_217)
FNDA:0,(anonymous_218)
FNDA:0,(anonymous_219)
FNDA:0,(anonymous_220)
FNDA:0,(anonymous_221)
FNDA:0,(anonymous_222)
FNDA:0,(anonymous_223)
FNDA:0,(anonymous_224)
FNDA:0,(anonymous_225)
FNDA:0,(anonymous_226)
FNDA:0,(anonymous_227)
FNDA:0,(anonymous_228)
FNDA:0,(anonymous_229)
FNDA:0,(anonymous_230)
FNDA:0,(anonymous_231)
FNDA:0,(anonymous_232)
FNDA:0,(anonymous_233)
FNDA:0,(anonymous_234)
FNDA:0,(anonymous_235)
FNDA:0,(anonymous_236)
FNDA:0,(anonymous_237)
FNDA:0,(anonymous_238)
FNDA:0,(anonymous_239)
FNDA:0,(anonymous_240)
FNDA:0,(anonymous_241)
FNDA:0,(anonymous_242)
FNDA:0,(anonymous_243)
FNDA:0,(anonymous_244)
FNDA:0,(anonymous_245)
FNDA:0,(anonymous_246)
FNDA:0,(anonymous_247)
FNDA:0,(anonymous_248)
FNDA:0,(anonymous_249)
FNDA:0,(anonymous_250)
DA:37,0
DA:68,0
DA:100,0
DA:101,0
DA:102,0
DA:103,0
DA:105,0
DA:106,0
DA:107,0
DA:108,0
DA:109,0
DA:112,0
DA:114,0
DA:115,0
DA:116,0
DA:119,0
DA:131,0
DA:132,0
DA:143,0
DA:152,0
DA:165,0
DA:174,0
DA:175,0
DA:190,0
DA:191,0
DA:192,0
DA:193,0
DA:194,0
DA:197,0
DA:198,0
DA:199,0
DA:200,0
DA:201,0
DA:204,0
DA:258,0
DA:259,0
DA:260,0
DA:262,0
DA:263,0
DA:265,0
DA:266,0
DA:268,0
DA:270,0
DA:271,0
DA:273,0
DA:274,0
DA:276,0
DA:277,0
DA:279,0
DA:280,0
DA:281,0
DA:283,0
DA:284,0
DA:285,0
DA:287,0
DA:288,0
DA:290,0
DA:291,0
DA:292,0
DA:293,0
DA:295,0
DA:296,0
DA:297,0
DA:299,0
DA:300,0
DA:302,0
DA:303,0
DA:304,0
DA:306,0
DA:307,0
DA:308,0
DA:309,0
DA:310,0
DA:311,0
DA:313,0
DA:314,0
DA:315,0
DA:316,0
DA:317,0
DA:318,0
DA:319,0
DA:320,0
DA:321,0
DA:322,0
DA:324,0
DA:325,0
DA:326,0
DA:327,0
DA:328,0
DA:329,0
DA:331,0
DA:332,0
DA:334,0
DA:335,0
DA:337,0
DA:338,0
DA:339,0
DA:341,0
DA:342,0
DA:343,0
DA:345,0
DA:346,0
DA:347,0
DA:348,0
DA:349,0
DA:350,0
DA:352,0
DA:353,0
DA:354,0
DA:355,0
DA:356,0
DA:358,0
DA:359,0
DA:360,0
DA:361,0
DA:362,0
DA:364,0
DA:365,0
DA:366,0
DA:368,0
DA:369,0
DA:371,0
DA:373,0
DA:374,0
DA:377,0
DA:378,0
DA:379,0
DA:380,0
DA:383,0
DA:385,0
DA:386,0
DA:387,0
DA:392,0
DA:393,0
DA:394,0
DA:395,0
DA:396,0
DA:398,0
DA:399,0
DA:400,0
DA:404,0
DA:405,0
DA:406,0
DA:407,0
DA:408,0
DA:409,0
DA:420,0
DA:421,0
DA:422,0
DA:423,0
DA:424,0
DA:425,0
DA:428,0
DA:431,0
DA:432,0
DA:434,0
DA:435,0
DA:437,0
DA:438,0
DA:440,0
DA:442,0
DA:443,0
DA:445,0
DA:446,0
DA:448,0
DA:449,0
DA:451,0
DA:452,0
DA:453,0
DA:455,0
DA:456,0
DA:457,0
DA:459,0
DA:460,0
DA:462,0
DA:463,0
DA:464,0
DA:465,0
DA:467,0
DA:468,0
DA:469,0
DA:471,0
DA:472,0
DA:474,0
DA:475,0
DA:476,0
DA:478,0
DA:479,0
DA:480,0
DA:481,0
DA:482,0
DA:483,0
DA:485,0
DA:486,0
DA:487,0
DA:488,0
DA:489,0
DA:490,0
DA:491,0
DA:492,0
DA:493,0
DA:494,0
DA:496,0
DA:497,0
DA:498,0
DA:499,0
DA:500,0
DA:501,0
DA:503,0
DA:504,0
DA:506,0
DA:507,0
DA:509,0
DA:510,0
DA:511,0
DA:513,0
DA:514,0
DA:515,0
DA:517,0
DA:518,0
DA:519,0
DA:520,0
DA:521,0
DA:522,0
DA:524,0
DA:525,0
DA:526,0
DA:527,0
DA:528,0
DA:530,0
DA:531,0
DA:532,0
DA:533,0
DA:534,0
DA:536,0
DA:537,0
DA:538,0
DA:540,0
DA:541,0
DA:543,0
DA:545,0
DA:546,0
DA:549,0
DA:562,0
DA:565,0
DA:568,0
DA:573,0
DA:574,0
DA:575,0
DA:576,0
DA:577,0
DA:578,0
DA:579,0
DA:580,0
DA:581,0
DA:582,0
DA:583,0
DA:584,0
DA:587,0
DA:590,0
DA:599,0
DA:601,0
DA:603,0
DA:604,0
DA:606,0
DA:611,0
DA:614,0
DA:623,0
DA:624,0
DA:625,0
DA:626,0
DA:628,0
DA:633,0
DA:634,0
DA:637,0
DA:639,0
DA:640,0
DA:641,0
DA:646,0
DA:647,0
DA:658,0
DA:659,0
DA:660,0
DA:661,0
DA:662,0
DA:663,0
DA:668,0
DA:669,0
DA:670,0
DA:671,0
DA:672,0
DA:674,0
DA:678,0
DA:679,0
DA:680,0
DA:681,0
DA:682,0
DA:686,0
DA:698,0
DA:699,0
DA:710,0
DA:711,0
DA:712,0
DA:713,0
DA:715,0
DA:716,0
DA:720,0
DA:721,0
DA:730,0
DA:731,0
DA:732,0
DA:733,0
DA:740,0
DA:743,0
DA:744,0
DA:750,0
DA:751,0
DA:752,0
DA:753,0
DA:760,0
DA:761,0
DA:770,0
DA:771,0
DA:773,0
DA:774,0
DA:781,0
DA:782,0
DA:791,0
DA:792,0
DA:793,0
DA:794,0
DA:795,0
DA:796,0
DA:798,0
DA:799,0
DA:801,0
DA:802,0
DA:804,0
DA:805,0
DA:806,0
DA:807,0
DA:808,0
DA:809,0
DA:810,0
DA:811,0
DA:815,0
DA:816,0
DA:817,0
DA:818,0
DA:820,0
DA:821,0
DA:822,0
DA:823,0
DA:826,0
DA:827,0
DA:834,0
DA:835,0
DA:842,0
DA:843,0
DA:854,0
DA:855,0
DA:856,0
DA:863,0
DA:864,0
DA:872,0
DA:873,0
DA:882,0
DA:883,0
DA:884,0
DA:885,0
DA:888,0
DA:889,0
DA:890,0
DA:891,0
DA:892,0
DA:895,0
DA:896,0
DA:897,0
DA:898,0
DA:899,0
DA:900,0
DA:903,0
DA:904,0
DA:905,0
DA:906,0
DA:907,0
DA:908,0
DA:909,0
DA:915,0
DA:916,0
DA:917,0
DA:918,0
DA:919,0
DA:920,0
DA:922,0
DA:923,0
DA:930,0
DA:931,0
DA:932,0
DA:934,0
DA:935,0
DA:947,0
DA:948,0
DA:949,0
DA:950,0
DA:951,0
DA:956,0
DA:957,0
DA:965,0
DA:968,0
DA:969,0
DA:970,0
DA:972,0
DA:973,0
DA:980,0
DA:981,0
DA:988,0
DA:989,0
DA:996,0
DA:997,0
DA:1004,0
DA:1005,0
DA:1012,0
DA:1013,0
DA:1020,0
DA:1021,0
DA:1030,0
DA:1031,0
DA:1032,0
DA:1033,0
DA:1036,0
DA:1037,0
DA:1041,0
DA:1046,0
DA:1047,0
DA:1056,0
DA:1058,0
DA:1059,0
DA:1060,0
DA:1068,0
DA:1069,0
DA:1077,0
DA:1078,0
DA:1080,0
DA:1081,0
DA:1082,0
DA:1084,0
DA:1085,0
DA:1086,0
DA:1088,0
DA:1089,0
DA:1090,0
DA:1091,0
DA:1093,0
DA:1094,0
DA:1102,0
DA:1103,0
DA:1104,0
DA:1105,0
DA:1106,0
DA:1115,0
DA:1116,0
DA:1117,0
DA:1118,0
DA:1119,0
DA:1128,0
DA:1129,0
DA:1136,0
DA:1137,0
DA:1145,0
DA:1146,0
DA:1147,0
DA:1148,0
DA:1158,0
DA:1160,0
DA:1163,0
DA:1164,0
DA:1165,0
DA:1166,0
DA:1173,0
DA:1174,0
DA:1184,0
DA:1186,0
DA:1190,0
DA:1192,0
DA:1193,0
DA:1200,0
DA:1201,0
DA:1211,0
DA:1212,0
DA:1213,0
DA:1215,0
DA:1216,0
DA:1217,0
DA:1219,0
DA:1220,0
DA:1221,0
DA:1222,0
DA:1223,0
DA:1226,0
DA:1227,0
DA:1228,0
DA:1229,0
DA:1235,0
DA:1236,0
DA:1242,0
DA:1243,0
DA:1252,0
DA:1253,0
DA:1255,0
DA:1256,0
DA:1258,0
DA:1259,0
DA:1262,0
DA:1264,0
DA:1265,0
DA:1270,0
DA:1275,0
DA:1276,0
DA:1279,0
DA:1379,0
DA:1380,0
DA:1381,0
DA:1384,0
DA:1385,0
DA:1386,0
DA:1387,0
DA:1391,0
DA:1392,0
DA:1393,0
DA:1397,0
DA:1398,0
DA:1399,0
DA:1402,0
DA:1404,0
DA:1406,0
DA:1407,0
DA:1408,0
DA:1412,0
DA:1416,0
DA:1422,0
DA:1426,0
DA:1427,0
DA:1432,0
DA:1433,0
DA:1434,0
DA:1435,0
DA:1438,0
DA:1439,0
DA:1441,0
DA:1442,0
DA:1443,0
DA:1444,0
DA:1445,0
DA:1448,0
DA:1449,0
DA:1450,0
DA:1451,0
DA:1452,0
DA:1453,0
DA:1454,0
DA:1455,0
DA:1456,0
DA:1457,0
DA:1458,0
DA:1462,0
DA:1463,0
DA:1464,0
DA:1466,0
DA:1467,0
DA:1468,0
DA:1471,0
DA:1472,0
DA:1473,0
DA:1474,0
DA:1475,0
DA:1476,0
DA:1477,0
DA:1478,0
DA:1481,0
DA:1482,0
DA:1483,0
DA:1484,0
DA:1485,0
DA:1486,0
DA:1487,0
DA:1488,0
DA:1491,0
DA:1494,0
DA:1495,0
DA:1497,0
DA:1498,0
DA:1499,0
DA:1500,0
DA:1501,0
DA:1503,0
DA:1504,0
DA:1506,0
DA:1509,0
DA:1510,0
DA:1511,0
DA:1512,0
DA:1513,0
DA:1514,0
DA:1517,0
DA:1518,0
DA:1519,0
DA:1520,0
DA:1521,0
DA:1522,0
DA:1525,0
DA:1526,0
DA:1527,0
DA:1528,0
DA:1529,0
DA:1530,0
DA:1533,0
DA:1534,0
DA:1538,0
DA:1539,0
DA:1541,0
DA:1545,0
DA:1546,0
DA:1547,0
DA:1548,0
DA:1550,0
DA:1552,0
DA:1553,0
DA:1556,0
DA:1557,0
DA:1559,0
DA:1560,0
DA:1561,0
DA:1562,0
DA:1564,0
DA:1565,0
DA:1568,0
DA:1569,0
DA:1570,0
DA:1573,0
DA:1575,0
DA:1578,0
DA:1579,0
DA:1580,0
DA:1582,0
DA:1595,0
DA:1599,0
DA:1600,0
DA:1606,0
DA:1645,0
DA:1664,0
DA:1666,0
DA:1667,0
DA:1677,0
DA:1679,0
DA:1717,0
DA:1718,0
DA:1719,0
DA:1720,0
DA:1722,0
DA:1723,0
DA:1728,0
DA:1737,0
DA:1820,0
DA:1821,0
DA:1840,0
DA:1843,0
DA:1844,0
DA:1873,0
DA:1885,0
DA:1886,0
DA:1887,0
DA:1888,0
DA:1896,0
DA:1898,0
DA:1909,0
DA:1913,0
DA:1929,0
DA:1941,0
DA:1942,0
DA:1943,0
DA:1944,0
DA:1952,0
DA:1954,0
DA:1965,0
DA:1969,0
DA:2014,0
DA:2015,0
DA:2029,0
DA:2030,0
DA:2045,0
DA:2046,0
DA:2057,0
DA:2058,0
DA:2075,0
DA:2076,0
DA:2088,0
DA:2089,0
DA:2100,0
DA:2101,0
DA:2119,0
DA:2120,0
DA:2131,0
DA:2132,0
DA:2147,0
DA:2151,0
DA:2161,0
DA:2162,0
DA:2163,0
DA:2164,0
DA:2165,0
DA:2167,0
DA:2184,0
DA:2193,0
DA:2207,0
DA:2213,0
DA:2216,0
DA:2223,0
DA:2261,0
DA:2262,0
DA:2272,0
DA:2273,0
DA:2287,0
DA:2294,0
DA:2301,0
DA:2317,0
DA:2318,0
DA:2328,0
DA:2329,0
DA:2344,0
DA:2345,0
DA:2355,0
DA:2359,0
DA:2374,0
DA:2375,0
DA:2385,0
DA:2389,0
DA:2403,0
DA:2410,0
DA:2426,0
DA:2427,0
DA:2437,0
DA:2438,0
DA:2458,0
DA:2459,0
DA:2470,0
DA:2471,0
DA:2487,0
DA:2488,0
DA:2499,0
DA:2500,0
DA:2516,0
DA:2517,0
DA:2528,0
DA:2529,0
DA:2545,0
DA:2546,0
DA:2557,0
DA:2558,0
DA:2574,0
DA:2575,0
DA:2586,0
DA:2587,0
DA:2603,0
DA:2604,0
DA:2615,0
DA:2619,0
DA:2640,0
DA:2664,0
DA:2689,0
DA:2706,0
DA:2707,0
DA:2708,0
DA:2709,0
DA:2710,0
DA:2719,0
DA:2744,0
DA:2745,0
DA:2754,0
DA:2757,0
DA:2816,0
DA:2817,0
DA:2826,0
DA:2827,0
DA:2828,0
DA:2830,0
DA:2831,0
DA:2836,0
DA:2837,0
DA:2838,0
DA:2839,0
DA:2840,0
DA:2841,0
DA:2847,0
DA:2855,0
DA:2856,0
DA:2857,0
DA:2859,0
DA:2860,0
DA:2861,0
DA:2869,0
DA:2870,0
DA:2871,0
DA:2873,0
DA:2877,0
DA:2896,0
DA:2914,0
DA:2926,0
DA:2936,0
DA:2957,0
DA:2964,0
DA:2971,0
DA:2977,0
LF:813
LH:0
BRDA:101,0,0,0
BRDA:101,0,1,0
BRDA:101,1,0,0
BRDA:101,1,1,0
BRDA:103,2,0,0
BRDA:103,2,1,0
BRDA:106,3,0,0
BRDA:106,3,1,0
BRDA:108,4,0,0
BRDA:108,4,1,0
BRDA:108,5,0,0
BRDA:108,5,1,0
BRDA:131,6,0,0
BRDA:133,7,0,0
BRDA:133,7,1,0
BRDA:135,8,0,0
BRDA:135,8,1,0
BRDA:148,9,0,0
BRDA:149,10,0,0
BRDA:150,11,0,0
BRDA:154,12,0,0
BRDA:154,12,1,0
BRDA:160,13,0,0
BRDA:160,13,1,0
BRDA:170,14,0,0
BRDA:170,14,1,0
BRDA:174,15,0,0
BRDA:174,16,0,0
BRDA:182,17,0,0
BRDA:182,17,1,0
BRDA:387,18,0,0
BRDA:387,18,1,0
BRDA:387,18,2,0
BRDA:393,19,0,0
BRDA:393,19,1,0
BRDA:405,20,0,0
BRDA:405,20,1,0
BRDA:405,21,0,0
BRDA:405,21,1,0
BRDA:406,22,0,0
BRDA:406,22,1,0
BRDA:406,23,0,0
BRDA:406,23,1,0
BRDA:407,24,0,0
BRDA:407,24,1,0
BRDA:408,25,0,0
BRDA:408,25,1,0
BRDA:424,26,0,0
BRDA:424,26,1,0
BRDA:431,27,0,0
BRDA:431,27,1,0
BRDA:432,28,0,0
BRDA:432,28,1,0
BRDA:434,29,0,0
BRDA:434,29,1,0
BRDA:435,30,0,0
BRDA:435,30,1,0
BRDA:437,31,0,0
BRDA:437,31,1,0
BRDA:438,32,0,0
BRDA:438,32,1,0
BRDA:440,33,0,0
BRDA:440,33,1,0
BRDA:442,34,0,0
BRDA:442,34,1,0
BRDA:443,35,0,0
BRDA:443,35,1,0
BRDA:445,36,0,0
BRDA:445,36,1,0
BRDA:446,37,0,0
BRDA:446,37,1,0
BRDA:448,38,0,0
BRDA:448,38,1,0
BRDA:449,39,0,0
BRDA:449,39,1,0
BRDA:451,40,0,0
BRDA:451,40,1,0
BRDA:452,41,0,0
BRDA:452,41,1,0
BRDA:453,42,0,0
BRDA:453,42,1,0
BRDA:455,43,0,0
BRDA:455,43,1,0
BRDA:456,44,0,0
BRDA:456,44,1,0
BRDA:457,45,0,0
BRDA:457,45,1,0
BRDA:459,46,0,0
BRDA:459,46,1,0
BRDA:460,47,0,0
BRDA:460,47,1,0
BRDA:462,48,0,0
BRDA:462,48,1,0
BRDA:463,49,0,0
BRDA:463,49,1,0
BRDA:464,50,0,0
BRDA:464,50,1,0
BRDA:465,51,0,0
BRDA:465,51,1,0
BRDA:467,52,0,0
BRDA:467,52,1,0
BRDA:468,53,0,0
BRDA:468,53,1,0
BRDA:469,54,0,0
BRDA:469,54,1,0
BRDA:471,55,0,0
BRDA:471,55,1,0
BRDA:472,56,0,0
BRDA:472,56,1,0
BRDA:474,57,0,0
BRDA:474,57,1,0
BRDA:475,58,0,0
BRDA:475,58,1,0
BRDA:476,59,0,0
BRDA:476,59,1,0
BRDA:478,60,0,0
BRDA:478,60,1,0
BRDA:479,61,0,0
BRDA:479,61,1,0
BRDA:480,62,0,0
BRDA:480,62,1,0
BRDA:481,63,0,0
BRDA:481,63,1,0
BRDA:482,64,0,0
BRDA:482,64,1,0
BRDA:483,65,0,0
BRDA:483,65,1,0
BRDA:485,66,0,0
BRDA:485,66,1,0
BRDA:486,67,0,0
BRDA:486,67,1,0
BRDA:487,68,0,0
BRDA:487,68,1,0
BRDA:488,69,0,0
BRDA:488,69,1,0
BRDA:489,70,0,0
BRDA:489,70,1,0
BRDA:490,71,0,0
BRDA:490,71,1,0
BRDA:491,72,0,0
BRDA:491,72,1,0
BRDA:492,73,0,0
BRDA:492,73,1,0
BRDA:493,74,0,0
BRDA:493,74,1,0
BRDA:494,75,0,0
BRDA:494,75,1,0
BRDA:496,76,0,0
BRDA:496,76,1,0
BRDA:497,77,0,0
BRDA:497,77,1,0
BRDA:498,78,0,0
BRDA:498,78,1,0
BRDA:499,79,0,0
BRDA:499,79,1,0
BRDA:500,80,0,0
BRDA:500,80,1,0
BRDA:501,81,0,0
BRDA:501,81,1,0
BRDA:503,82,0,0
BRDA:503,82,1,0
BRDA:504,83,0,0
BRDA:504,83,1,0
BRDA:506,84,0,0
BRDA:506,84,1,0
BRDA:507,85,0,0
BRDA:507,85,1,0
BRDA:509,86,0,0
BRDA:509,86,1,0
BRDA:510,87,0,0
BRDA:510,87,1,0
BRDA:511,88,0,0
BRDA:511,88,1,0
BRDA:513,89,0,0
BRDA:513,89,1,0
BRDA:514,90,0,0
BRDA:514,90,1,0
BRDA:515,91,0,0
BRDA:515,91,1,0
BRDA:517,92,0,0
BRDA:517,92,1,0
BRDA:518,93,0,0
BRDA:518,93,1,0
BRDA:519,94,0,0
BRDA:519,94,1,0
BRDA:520,95,0,0
BRDA:520,95,1,0
BRDA:521,96,0,0
BRDA:521,96,1,0
BRDA:522,97,0,0
BRDA:522,97,1,0
BRDA:524,98,0,0
BRDA:524,98,1,0
BRDA:525,99,0,0
BRDA:525,99,1,0
BRDA:526,100,0,0
BRDA:526,100,1,0
BRDA:527,101,0,0
BRDA:527,101,1,0
BRDA:528,102,0,0
BRDA:528,102,1,0
BRDA:530,103,0,0
BRDA:530,103,1,0
BRDA:531,104,0,0
BRDA:531,104,1,0
BRDA:532,105,0,0
BRDA:532,105,1,0
BRDA:533,106,0,0
BRDA:533,106,1,0
BRDA:534,107,0,0
BRDA:534,107,1,0
BRDA:536,108,0,0
BRDA:536,108,1,0
BRDA:537,109,0,0
BRDA:537,109,1,0
BRDA:538,110,0,0
BRDA:538,110,1,0
BRDA:540,111,0,0
BRDA:540,111,1,0
BRDA:541,112,0,0
BRDA:541,112,1,0
BRDA:543,113,0,0
BRDA:543,113,1,0
BRDA:545,114,0,0
BRDA:545,114,1,0
BRDA:546,115,0,0
BRDA:546,115,1,0
BRDA:551,116,0,0
BRDA:551,116,1,0
BRDA:552,117,0,0
BRDA:552,117,1,0
BRDA:553,118,0,0
BRDA:553,118,1,0
BRDA:554,119,0,0
BRDA:554,119,1,0
BRDA:555,120,0,0
BRDA:555,120,1,0
BRDA:556,121,0,0
BRDA:556,121,1,0
BRDA:557,122,0,0
BRDA:557,122,1,0
BRDA:558,123,0,0
BRDA:558,123,1,0
BRDA:559,124,0,0
BRDA:559,124,1,0
BRDA:560,125,0,0
BRDA:560,125,1,0
BRDA:561,126,0,0
BRDA:561,126,1,0
BRDA:562,127,0,0
BRDA:562,127,1,0
BRDA:562,128,0,0
BRDA:562,128,1,0
BRDA:601,129,0,0
BRDA:601,129,1,0
BRDA:604,130,0,0
BRDA:604,130,1,0
BRDA:624,131,0,0
BRDA:624,131,1,0
BRDA:626,132,0,0
BRDA:626,132,1,0
BRDA:634,133,0,0
BRDA:634,133,1,0
BRDA:640,134,0,0
BRDA:640,134,1,0
BRDA:659,135,0,0
BRDA:659,135,1,0
BRDA:661,136,0,0
BRDA:661,136,1,0
BRDA:668,137,0,0
BRDA:668,137,1,0
BRDA:670,138,0,0
BRDA:670,138,1,0
BRDA:678,139,0,0
BRDA:678,139,1,0
BRDA:680,140,0,0
BRDA:680,140,1,0
BRDA:700,141,0,0
BRDA:700,141,1,0
BRDA:701,142,0,0
BRDA:701,142,1,0
BRDA:702,143,0,0
BRDA:702,143,1,0
BRDA:703,144,0,0
BRDA:703,144,1,0
BRDA:704,145,0,0
BRDA:704,145,1,0
BRDA:705,146,0,0
BRDA:705,146,1,0
BRDA:706,147,0,0
BRDA:706,147,1,0
BRDA:715,148,0,0
BRDA:715,148,1,0
BRDA:720,149,0,0
BRDA:720,149,1,0
BRDA:724,150,0,0
BRDA:724,150,1,0
BRDA:732,151,0,0
BRDA:732,151,1,0
BRDA:732,152,0,0
BRDA:732,152,1,0
BRDA:736,153,0,0
BRDA:736,153,1,0
BRDA:740,154,0,0
BRDA:740,154,1,0
BRDA:740,155,0,0
BRDA:740,155,1,0
BRDA:743,156,0,0
BRDA:743,156,1,0
BRDA:750,157,0,0
BRDA:750,157,1,0
BRDA:751,158,0,0
BRDA:751,158,1,0
BRDA:752,159,0,0
BRDA:752,159,1,0
BRDA:752,160,0,0
BRDA:752,160,1,0
BRDA:756,161,0,0
BRDA:756,161,1,0
BRDA:760,162,0,0
BRDA:760,162,1,0
BRDA:760,163,0,0
BRDA:760,163,1,0
BRDA:764,164,0,0
BRDA:764,164,1,0
BRDA:773,165,0,0
BRDA:773,165,1,0
BRDA:773,166,0,0
BRDA:773,166,1,0
BRDA:777,167,0,0
BRDA:777,167,1,0
BRDA:781,168,0,0
BRDA:781,168,1,0
BRDA:781,169,0,0
BRDA:781,169,1,0
BRDA:785,170,0,0
BRDA:785,170,1,0
BRDA:791,171,0,0
BRDA:791,171,1,0
BRDA:791,172,0,0
BRDA:791,172,1,0
BRDA:805,173,0,0
BRDA:805,173,1,0
BRDA:805,174,0,0
BRDA:805,174,1,0
BRDA:815,175,0,0
BRDA:815,175,1,0
BRDA:816,176,0,0
BRDA:816,176,1,0
BRDA:820,177,0,0
BRDA:820,177,1,0
BRDA:821,178,0,0
BRDA:821,178,1,0
BRDA:826,179,0,0
BRDA:826,179,1,0
BRDA:830,180,0,0
BRDA:830,180,1,0
BRDA:834,181,0,0
BRDA:834,181,1,0
BRDA:834,182,0,0
BRDA:834,182,1,0
BRDA:838,183,0,0
BRDA:838,183,1,0
BRDA:842,184,0,0
BRDA:842,184,1,0
BRDA:842,185,0,0
BRDA:842,185,1,0
BRDA:846,186,0,0
BRDA:846,186,1,0
BRDA:854,187,0,0
BRDA:854,187,1,0
BRDA:855,188,0,0
BRDA:855,188,1,0
BRDA:855,189,0,0
BRDA:855,189,1,0
BRDA:859,190,0,0
BRDA:859,190,1,0
BRDA:863,191,0,0
BRDA:863,191,1,0
BRDA:863,192,0,0
BRDA:863,192,1,0
BRDA:867,193,0,0
BRDA:867,193,1,0
BRDA:872,194,0,0
BRDA:872,194,1,0
BRDA:872,195,0,0
BRDA:872,195,1,0
BRDA:872,195,2,0
BRDA:876,196,0,0
BRDA:876,196,1,0
BRDA:883,197,0,0
BRDA:883,197,1,0
BRDA:883,198,0,0
BRDA:883,198,1,0
BRDA:884,199,0,0
BRDA:884,199,1,0
BRDA:904,200,0,0
BRDA:904,200,1,0
BRDA:906,201,0,0
BRDA:906,201,1,0
BRDA:908,202,0,0
BRDA:908,202,1,0
BRDA:916,203,0,0
BRDA:916,203,1,0
BRDA:918,204,0,0
BRDA:918,204,1,0
BRDA:922,205,0,0
BRDA:922,205,1,0
BRDA:923,206,0,0
BRDA:923,206,1,0
BRDA:930,207,0,0
BRDA:930,207,1,0
BRDA:930,208,0,0
BRDA:930,208,1,0
BRDA:932,209,0,0
BRDA:932,209,1,0
BRDA:934,210,0,0
BRDA:934,210,1,0
BRDA:938,211,0,0
BRDA:938,211,1,0
BRDA:948,212,0,0
BRDA:948,212,1,0
BRDA:950,213,0,0
BRDA:950,213,1,0
BRDA:951,214,0,0
BRDA:951,214,1,0
BRDA:956,215,0,0
BRDA:956,215,1,0
BRDA:956,216,0,0
BRDA:956,216,1,0
BRDA:959,217,0,0
BRDA:959,217,1,0
BRDA:960,218,0,0
BRDA:960,218,1,0
BRDA:960,219,0,0
BRDA:960,219,1,0
BRDA:969,220,0,0
BRDA:969,220,1,0
BRDA:970,221,0,0
BRDA:970,221,1,0
BRDA:972,222,0,0
BRDA:972,222,1,0
BRDA:972,223,0,0
BRDA:972,223,1,0
BRDA:976,224,0,0
BRDA:976,224,1,0
BRDA:980,225,0,0
BRDA:980,225,1,0
BRDA:980,226,0,0
BRDA:980,226,1,0
BRDA:984,227,0,0
BRDA:984,227,1,0
BRDA:988,228,0,0
BRDA:988,228,1,0
BRDA:988,229,0,0
BRDA:988,229,1,0
BRDA:992,230,0,0
BRDA:992,230,1,0
BRDA:996,231,0,0
BRDA:996,231,1,0
BRDA:996,232,0,0
BRDA:996,232,1,0
BRDA:1000,233,0,0
BRDA:1000,233,1,0
BRDA:1004,234,0,0
BRDA:1004,234,1,0
BRDA:1004,235,0,0
BRDA:1004,235,1,0
BRDA:1008,236,0,0
BRDA:1008,236,1,0
BRDA:1012,237,0,0
BRDA:1012,237,1,0
BRDA:1012,238,0,0
BRDA:1012,238,1,0
BRDA:1016,239,0,0
BRDA:1016,239,1,0
BRDA:1020,240,0,0
BRDA:1020,240,1,0
BRDA:1020,241,0,0
BRDA:1020,241,1,0
BRDA:1024,242,0,0
BRDA:1024,242,1,0
BRDA:1031,243,0,0
BRDA:1031,243,1,0
BRDA:1031,244,0,0
BRDA:1031,244,1,0
BRDA:1032,245,0,0
BRDA:1032,245,1,0
BRDA:1041,246,0,0
BRDA:1041,246,1,0
BRDA:1042,247,0,0
BRDA:1042,247,1,0
BRDA:1042,248,0,0
BRDA:1042,248,1,0
BRDA:1042,249,0,0
BRDA:1042,249,1,0
BRDA:1043,250,0,0
BRDA:1043,250,1,0
BRDA:1043,251,0,0
BRDA:1043,251,1,0
BRDA:1044,252,0,0
BRDA:1044,252,1,0
BRDA:1044,253,0,0
BRDA:1044,253,1,0
BRDA:1044,254,0,0
BRDA:1044,254,1,0
BRDA:1046,255,0,0
BRDA:1046,255,1,0
BRDA:1046,256,0,0
BRDA:1046,256,1,0
BRDA:1046,256,2,0
BRDA:1050,257,0,0
BRDA:1050,257,1,0
BRDA:1058,258,0,0
BRDA:1058,258,1,0
BRDA:1059,259,0,0
BRDA:1059,259,1,0
BRDA:1059,260,0,0
BRDA:1059,260,1,0
BRDA:1059,260,2,0
BRDA:1063,261,0,0
BRDA:1063,261,1,0
BRDA:1068,262,0,0
BRDA:1068,262,1,0
BRDA:1068,263,0,0
BRDA:1068,263,1,0
BRDA:1068,263,2,0
BRDA:1068,263,3,0
BRDA:1072,264,0,0
BRDA:1072,264,1,0
BRDA:1093,265,0,0
BRDA:1093,265,1,0
BRDA:1093,266,0,0
BRDA:1093,266,1,0
BRDA:1093,266,2,0
BRDA:1097,267,0,0
BRDA:1097,267,1,0
BRDA:1102,268,0,0
BRDA:1102,268,1,0
BRDA:1103,269,0,0
BRDA:1103,269,1,0
BRDA:1105,270,0,0
BRDA:1105,270,1,0
BRDA:1109,271,0,0
BRDA:1109,271,1,0
BRDA:1115,272,0,0
BRDA:1115,272,1,0
BRDA:1115,273,0,0
BRDA:1115,273,1,0
BRDA:1116,274,0,0
BRDA:1116,274,1,0
BRDA:1118,275,0,0
BRDA:1118,275,1,0
BRDA:1122,276,0,0
BRDA:1122,276,1,0
BRDA:1128,277,0,0
BRDA:1128,277,1,0
BRDA:1128,278,0,0
BRDA:1128,278,1,0
BRDA:1132,279,0,0
BRDA:1132,279,1,0
BRDA:1136,280,0,0
BRDA:1136,280,1,0
BRDA:1136,281,0,0
BRDA:1136,281,1,0
BRDA:1140,282,0,0
BRDA:1140,282,1,0
BRDA:1145,283,0,0
BRDA:1145,283,1,0
BRDA:1145,284,0,0
BRDA:1145,284,1,0
BRDA:1146,285,0,0
BRDA:1146,285,1,0
BRDA:1147,286,0,0
BRDA:1147,286,1,0
BRDA:1151,287,0,0
BRDA:1151,287,1,0
BRDA:1163,288,0,0
BRDA:1163,288,1,0
BRDA:1163,289,0,0
BRDA:1163,289,1,0
BRDA:1165,290,0,0
BRDA:1165,290,1,0
BRDA:1169,291,0,0
BRDA:1169,291,1,0
BRDA:1173,292,0,0
BRDA:1173,292,1,0
BRDA:1177,293,0,0
BRDA:1177,293,1,0
BRDA:1184,294,0,0
BRDA:1184,294,1,0
BRDA:1187,295,0,0
BRDA:1187,295,1,0
BRDA:1188,296,0,0
BRDA:1188,296,1,0
BRDA:1189,297,0,0
BRDA:1189,297,1,0
BRDA:1192,298,0,0
BRDA:1192,298,1,0
BRDA:1192,299,0,0
BRDA:1192,299,1,0
BRDA:1196,300,0,0
BRDA:1196,300,1,0
BRDA:1200,301,0,0
BRDA:1200,301,1,0
BRDA:1200,302,0,0
BRDA:1200,302,1,0
BRDA:1204,303,0,0
BRDA:1204,303,1,0
BRDA:1212,304,0,0
BRDA:1212,304,1,0
BRDA:1212,305,0,0
BRDA:1212,305,1,0
BRDA:1226,306,0,0
BRDA:1226,306,1,0
BRDA:1227,307,0,0
BRDA:1227,307,1,0
BRDA:1228,308,0,0
BRDA:1228,308,1,0
BRDA:1228,309,0,0
BRDA:1228,309,1,0
BRDA:1232,310,0,0
BRDA:1232,310,1,0
BRDA:1235,311,0,0
BRDA:1235,311,1,0
BRDA:1235,312,0,0
BRDA:1235,312,1,0
BRDA:1239,313,0,0
BRDA:1239,313,1,0
BRDA:1242,314,0,0
BRDA:1242,314,1,0
BRDA:1246,315,0,0
BRDA:1246,315,1,0
BRDA:1256,316,0,0
BRDA:1256,316,1,0
BRDA:1262,317,0,0
BRDA:1262,317,1,0
BRDA:1264,318,0,0
BRDA:1264,318,1,0
BRDA:1385,319,0,0
BRDA:1385,319,1,0
BRDA:1397,320,0,0
BRDA:1397,321,0,0
BRDA:1399,322,0,0
BRDA:1399,322,1,0
BRDA:1404,323,0,0
BRDA:1404,323,1,0
BRDA:1426,324,0,0
BRDA:1426,324,1,0
BRDA:1434,325,0,0
BRDA:1434,325,1,0
BRDA:1435,326,0,0
BRDA:1435,326,1,0
BRDA:1435,326,2,0
BRDA:1435,326,3,0
BRDA:1441,327,0,0
BRDA:1441,327,1,0
BRDA:1442,328,0,0
BRDA:1442,328,1,0
BRDA:1443,329,0,0
BRDA:1443,329,1,0
BRDA:1444,330,0,0
BRDA:1444,330,1,0
BRDA:1444,331,0,0
BRDA:1444,331,1,0
BRDA:1445,332,0,0
BRDA:1445,332,1,0
BRDA:1448,333,0,0
BRDA:1448,333,1,0
BRDA:1449,334,0,0
BRDA:1449,334,1,0
BRDA:1450,335,0,0
BRDA:1450,335,1,0
BRDA:1451,336,0,0
BRDA:1451,336,1,0
BRDA:1452,337,0,0
BRDA:1452,337,1,0
BRDA:1453,338,0,0
BRDA:1453,338,1,0
BRDA:1454,339,0,0
BRDA:1454,339,1,0
BRDA:1455,340,0,0
BRDA:1455,340,1,0
BRDA:1456,341,0,0
BRDA:1456,341,1,0
BRDA:1457,342,0,0
BRDA:1457,342,1,0
BRDA:1458,343,0,0
BRDA:1458,343,1,0
BRDA:1462,344,0,0
BRDA:1462,344,1,0
BRDA:1464,345,0,0
BRDA:1464,345,1,0
BRDA:1467,346,0,0
BRDA:1467,346,1,0
BRDA:1467,347,0,0
BRDA:1467,347,1,0
BRDA:1468,348,0,0
BRDA:1468,348,1,0
BRDA:1468,349,0,0
BRDA:1468,349,1,0
BRDA:1471,350,0,0
BRDA:1471,350,1,0
BRDA:1472,351,0,0
BRDA:1472,351,1,0
BRDA:1473,352,0,0
BRDA:1473,352,1,0
BRDA:1474,353,0,0
BRDA:1474,353,1,0
BRDA:1476,354,0,0
BRDA:1476,354,1,0
BRDA:1478,355,0,0
BRDA:1478,355,1,0
BRDA:1481,356,0,0
BRDA:1481,356,1,0
BRDA:1482,357,0,0
BRDA:1482,357,1,0
BRDA:1483,358,0,0
BRDA:1483,358,1,0
BRDA:1484,359,0,0
BRDA:1484,359,1,0
BRDA:1485,360,0,0
BRDA:1485,360,1,0
BRDA:1486,361,0,0
BRDA:1486,361,1,0
BRDA:1487,362,0,0
BRDA:1487,362,1,0
BRDA:1499,363,0,0
BRDA:1499,363,1,0
BRDA:1504,364,0,0
BRDA:1504,364,1,0
BRDA:1506,365,0,0
BRDA:1506,365,1,0
BRDA:1526,366,0,0
BRDA:1526,366,1,0
BRDA:1546,367,0,0
BRDA:1546,367,1,0
BRDA:1546,368,0,0
BRDA:1546,368,1,0
BRDA:1546,368,2,0
BRDA:1557,369,0,0
BRDA:1557,369,1,0
BRDA:1560,370,0,0
BRDA:1560,370,1,0
BRDA:1573,371,0,0
BRDA:1573,371,1,0
BRDA:1575,372,0,0
BRDA:1575,372,1,0
BRDA:1578,373,0,0
BRDA:1578,373,1,0
BRDA:1579,374,0,0
BRDA:1579,374,1,0
BRDA:1602,375,0,0
BRDA:1602,375,1,0
BRDA:1606,376,0,0
BRDA:1606,376,1,0
BRDA:1610,377,0,0
BRDA:1610,377,1,0
BRDA:1613,378,0,0
BRDA:1613,378,1,0
BRDA:1616,379,0,0
BRDA:1616,379,1,0
BRDA:1621,380,0,0
BRDA:1621,380,1,0
BRDA:1621,381,0,0
BRDA:1621,381,1,0
BRDA:1624,382,0,0
BRDA:1624,382,1,0
BRDA:1632,383,0,0
BRDA:1632,383,1,0
BRDA:1632,384,0,0
BRDA:1632,384,1,0
BRDA:1635,385,0,0
BRDA:1635,385,1,0
BRDA:1641,386,0,0
BRDA:1641,386,1,0
BRDA:1645,387,0,0
BRDA:1645,387,1,0
BRDA:1648,388,0,0
BRDA:1648,388,1,0
BRDA:1652,389,0,0
BRDA:1652,389,1,0
BRDA:1655,390,0,0
BRDA:1655,390,1,0
BRDA:1658,391,0,0
BRDA:1658,391,1,0
BRDA:1741,392,0,0
BRDA:1741,392,1,0
BRDA:1752,393,0,0
BRDA:1752,393,1,0
BRDA:1763,394,0,0
BRDA:1763,394,1,0
BRDA:1774,395,0,0
BRDA:1774,395,1,0
BRDA:1785,396,0,0
BRDA:1785,396,1,0
BRDA:1796,397,0,0
BRDA:1796,397,1,0
BRDA:1813,398,0,0
BRDA:1813,398,1,0
BRDA:1831,399,0,0
BRDA:1831,399,1,0
BRDA:1847,400,0,0
BRDA:1847,400,1,0
BRDA:1861,401,0,0
[...]
BRDA:1454,156,1,0
BRDA:1467,157,0,0
BRDA:1467,157,1,0
BRDA:1469,158,0,0
BRDA:1469,158,1,0
BRDA:1470,159,0,0
BRDA:1470,159,1,0
BRDA:1485,160,0,0
BRDA:1485,160,1,0
BRDA:1486,161,0,0
BRDA:1486,161,1,0
BRDA:1493,162,0,0
BRDA:1493,162,1,0
BRDA:1497,163,0,0
BRDA:1497,163,1,0
BRDA:1500,164,0,0
BRDA:1500,164,1,0
BRDA:1501,165,0,0
BRDA:1501,165,1,0
BRDA:1501,166,0,0
BRDA:1501,166,1,0
BRDA:1504,167,0,0
BRDA:1504,167,1,0
BRDA:1504,168,0,0
BRDA:1504,168,1,0
BRDA:1505,169,0,0
BRDA:1505,169,1,0
BRDA:1506,170,0,0
BRDA:1506,170,1,0
BRDA:1506,171,0,0
BRDA:1506,171,1,0
BRDA:1511,172,0,0
BRDA:1511,172,1,0
BRDA:1513,173,0,0
BRDA:1513,173,1,0
BRDA:1513,173,2,0
BRDA:1517,174,0,0
BRDA:1517,174,1,0
BRDA:1517,174,2,0
BRDA:1518,175,0,0
BRDA:1518,175,1,0
BRDA:1520,176,0,0
BRDA:1520,176,1,0
BRDA:1520,176,2,0
BRDA:1520,177,0,0
BRDA:1520,177,1,0
BRDA:1520,178,0,0
BRDA:1520,178,1,0
BRDA:1522,179,0,0
BRDA:1522,179,1,0
BRDA:1522,179,2,0
BRDA:1523,180,0,0
BRDA:1523,180,1,0
BRDA:1524,181,0,0
BRDA:1524,181,1,0
BRDA:1528,182,0,0
BRDA:1528,182,1,0
BRDA:1556,183,0,0
BRDA:1556,183,1,0
BRDA:1597,184,0,0
BRDA:1597,184,1,0
BRDA:1638,185,0,0
BRDA:1638,185,1,0
BRDA:1666,186,0,0
BRDA:1666,186,1,0
BRDA:1666,187,0,0
BRDA:1666,187,1,0
BRDA:1673,188,0,0
BRDA:1673,188,1,0
BRDA:1675,189,0,0
BRDA:1675,189,1,0
BRDA:1676,190,0,0
BRDA:1676,190,1,0
BRDA:1682,191,0,0
BRDA:1682,191,1,0
BRF:388
BRH:0
end_of_record
TN:
SF:src\components\VDEProtocols.js
FN:26,(anonymous_0)
FN:62,(anonymous_1)
FN:63,(anonymous_2)
FN:70,(anonymous_3)
FN:76,(anonymous_4)
FN:81,(anonymous_5)
FN:111,(anonymous_6)
FN:112,(anonymous_7)
FN:114,(anonymous_8)
FN:127,(anonymous_9)
FN:143,(anonymous_10)
FN:147,(anonymous_11)
FN:161,(anonymous_12)
FN:165,(anonymous_13)
FN:184,(anonymous_14)
FN:196,(anonymous_15)
FN:204,(anonymous_16)
FN:205,(anonymous_17)
FN:212,(anonymous_18)
FN:222,(anonymous_19)
FN:226,(anonymous_20)
FN:239,(anonymous_21)
FN:242,(anonymous_22)
FN:265,(anonymous_23)
FN:270,(anonymous_24)
FN:275,(anonymous_25)
FN:282,(anonymous_26)
FN:282,(anonymous_27)
FN:295,(anonymous_28)
FN:301,(anonymous_29)
FN:302,(anonymous_30)
FN:309,(anonymous_31)
FN:355,(anonymous_32)
FN:376,(anonymous_33)
FN:385,(anonymous_34)
FN:394,(anonymous_35)
FN:408,(anonymous_36)
FN:425,(anonymous_37)
FN:430,(anonymous_38)
FN:462,(anonymous_39)
FN:497,(anonymous_40)
FN:507,(anonymous_41)
FN:510,(anonymous_42)
FN:522,(anonymous_43)
FN:534,(anonymous_44)
FN:539,(anonymous_45)
FN:549,(anonymous_46)
FN:559,(anonymous_47)
FN:560,(anonymous_48)
FN:616,(anonymous_49)
FN:628,(anonymous_50)
FN:638,(anonymous_51)
FN:648,(anonymous_52)
FN:692,(anonymous_53)
FN:699,(anonymous_54)
FN:712,(anonymous_55)
FNF:56
FNH:0
FNDA:0,(anonymous_0)
FNDA:0,(anonymous_1)
FNDA:0,(anonymous_2)
FNDA:0,(anonymous_3)
FNDA:0,(anonymous_4)
FNDA:0,(anonymous_5)
FNDA:0,(anonymous_6)
FNDA:0,(anonymous_7)
FNDA:0,(anonymous_8)
FNDA:0,(anonymous_9)
FNDA:0,(anonymous_10)
FNDA:0,(anonymous_11)
FNDA:0,(anonymous_12)
FNDA:0,(anonymous_13)
FNDA:0,(anonymous_14)
FNDA:0,(anonymous_15)
FNDA:0,(anonymous_16)
FNDA:0,(anonymous_17)
FNDA:0,(anonymous_18)
FNDA:0,(anonymous_19)
FNDA:0,(anonymous_20)
FNDA:0,(anonymous_21)
FNDA:0,(anonymous_22)
FNDA:0,(anonymous_23)
FNDA:0,(anonymous_24)
FNDA:0,(anonymous_25)
FNDA:0,(anonymous_26)
FNDA:0,(anonymous_27)
FNDA:0,(anonymous_28)
FNDA:0,(anonymous_29)
FNDA:0,(anonymous_30)
FNDA:0,(anonymous_31)
FNDA:0,(anonymous_32)
FNDA:0,(anonymous_33)
FNDA:0,(anonymous_34)
FNDA:0,(anonymous_35)
FNDA:0,(anonymous_36)
FNDA:0,(anonymous_37)
FNDA:0,(anonymous_38)
FNDA:0,(anonymous_39)
FNDA:0,(anonymous_40)
FNDA:0,(anonymous_41)
FNDA:0,(anonymous_42)
FNDA:0,(anonymous_43)
FNDA:0,(anonymous_44)
FNDA:0,(anonymous_45)
FNDA:0,(anonymous_46)
FNDA:0,(anonymous_47)
FNDA:0,(anonymous_48)
FNDA:0,(anonymous_49)
FNDA:0,(anonymous_50)
FNDA:0,(anonymous_51)
FNDA:0,(anonymous_52)
FNDA:0,(anonymous_53)
FNDA:0,(anonymous_54)
FNDA:0,(anonymous_55)
DA:26,0
DA:27,0
DA:28,0
DA:29,0
DA:31,0
DA:32,0
DA:33,0
DA:34,0
DA:35,0
DA:36,0
DA:38,0
DA:39,0
DA:40,0
DA:41,0
DA:51,0
DA:52,0
DA:56,0
DA:57,0
DA:58,0
DA:59,0
DA:62,0
DA:63,0
DA:64,0
DA:65,0
DA:69,0
DA:70,0
DA:71,0
DA:76,0
DA:77,0
DA:78,0
DA:81,0
DA:82,0
DA:83,0
DA:84,0
DA:85,0
DA:87,0
DA:89,0
DA:93,0
DA:104,0
DA:111,0
DA:112,0
DA:114,0
DA:115,0
DA:120,0
DA:121,0
DA:123,0
DA:127,0
DA:128,0
DA:130,0
DA:131,0
DA:133,0
DA:134,0
DA:135,0
DA:138,0
DA:139,0
DA:140,0
DA:143,0
DA:144,0
DA:147,0
DA:148,0
DA:150,0
DA:152,0
DA:154,0
DA:156,0
DA:161,0
DA:162,0
DA:165,0
DA:167,0
DA:170,0
DA:184,0
DA:190,0
DA:191,0
DA:192,0
DA:196,0
DA:197,0
DA:198,0
DA:199,0
DA:201,0
DA:204,0
DA:205,0
DA:209,0
DA:212,0
DA:213,0
DA:217,0
DA:218,0
DA:222,0
DA:223,0
DA:224,0
DA:225,0
DA:226,0
DA:228,0
DA:229,0
DA:232,0
DA:234,0
DA:239,0
DA:240,0
DA:241,0
DA:242,0
DA:244,0
DA:250,0
DA:251,0
DA:253,0
DA:259,0
DA:260,0
DA:265,0
DA:266,0
DA:267,0
DA:270,0
DA:271,0
DA:272,0
DA:275,0
DA:276,0
DA:277,0
DA:282,0
DA:283,0
DA:286,0
DA:287,0
DA:288,0
DA:290,0
DA:291,0
DA:295,0
DA:297,0
DA:298,0
DA:301,0
DA:302,0
DA:303,0
DA:304,0
DA:305,0
DA:306,0
DA:309,0
DA:310,0
DA:311,0
DA:312,0
DA:313,0
DA:314,0
DA:316,0
DA:317,0
DA:320,0
DA:323,0
DA:355,0
DA:376,0
DA:385,0
DA:394,0
DA:408,0
DA:426,0
DA:430,0
DA:462,0
DA:497,0
DA:507,0
DA:511,0
DA:522,0
DA:534,0
DA:539,0
DA:549,0
DA:560,0
DA:617,0
DA:618,0
DA:629,0
DA:630,0
DA:639,0
DA:640,0
DA:649,0
DA:650,0
DA:692,0
DA:700,0
DA:701,0
DA:702,0
DA:703,0
DA:712,0
LF:169
LH:0
BRDA:64,0,0,0
BRDA:64,0,1,0
BRDA:64,1,0,0
BRDA:64,1,1,0
BRDA:85,2,0,0
BRDA:85,2,1,0
BRDA:115,3,0,0
BRDA:115,3,1,0
BRDA:115,3,2,0
BRDA:115,3,3,0
BRDA:120,4,0,0
BRDA:120,4,1,0
BRDA:121,5,0,0
BRDA:121,5,1,0
BRDA:123,6,0,0
BRDA:123,6,1,0
BRDA:123,6,2,0
BRDA:128,7,0,0
BRDA:128,7,1,0
BRDA:133,8,0,0
BRDA:133,8,1,0
BRDA:133,9,0,0
BRDA:133,9,1,0
BRDA:133,9,2,0
BRDA:134,10,0,0
BRDA:134,10,1,0
BRDA:135,11,0,0
BRDA:135,11,1,0
BRDA:138,12,0,0
BRDA:138,12,1,0
BRDA:138,13,0,0
BRDA:138,13,1,0
BRDA:139,14,0,0
BRDA:139,14,1,0
BRDA:139,15,0,0
BRDA:139,15,1,0
BRDA:148,16,0,0
BRDA:148,16,1,0
BRDA:148,16,2,0
BRDA:148,16,3,0
BRDA:173,17,0,0
BRDA:173,17,1,0
BRDA:174,18,0,0
BRDA:174,18,1,0
BRDA:174,18,2,0
BRDA:175,19,0,0
BRDA:175,19,1,0
BRDA:176,20,0,0
BRDA:176,20,1,0
BRDA:176,20,2,0
BRDA:178,21,0,0
BRDA:178,21,1,0
BRDA:184,22,0,0
BRDA:184,22,1,0
BRDA:184,23,0,0
BRDA:184,23,1,0
BRDA:185,24,0,0
BRDA:185,24,1,0
BRDA:187,25,0,0
BRDA:187,25,1,0
BRDA:198,26,0,0
BRDA:198,26,1,0
BRDA:198,27,0,0
BRDA:198,27,1,0
BRDA:228,28,0,0
BRDA:228,28,1,0
BRDA:228,29,0,0
BRDA:228,29,1,0
BRDA:250,30,0,0
BRDA:250,30,1,0
BRDA:267,31,0,0
BRDA:267,31,1,0
BRDA:283,32,0,0
BRDA:283,32,1,0
BRDA:310,33,0,0
BRDA:310,33,1,0
BRDA:415,34,0,0
BRDA:415,34,1,0
BRDA:420,35,0,0
BRDA:420,35,1,0
BRDA:430,36,0,0
BRDA:430,36,1,0
BRDA:431,37,0,0
BRDA:431,37,1,0
BRDA:435,38,0,0
BRDA:435,38,1,0
BRDA:438,39,0,0
BRDA:438,39,1,0
BRDA:461,40,0,0
BRDA:461,40,1,0
BRDA:466,41,0,0
BRDA:466,41,1,0
BRDA:468,42,0,0
BRDA:468,42,1,0
BRDA:477,43,0,0
BRDA:477,43,1,0
BRDA:484,44,0,0
BRDA:484,44,1,0
BRDA:491,45,0,0
BRDA:491,45,1,0
BRDA:497,46,0,0
BRDA:497,46,1,0
BRDA:502,47,0,0
BRDA:502,47,1,0
BRDA:521,48,0,0
BRDA:521,48,1,0
BRDA:525,49,0,0
BRDA:525,49,1,0
BRDA:527,50,0,0
BRDA:527,50,1,0
BRDA:533,51,0,0
BRDA:533,51,1,0
BRDA:538,52,0,0
BRDA:538,52,1,0
BRDA:543,53,0,0
BRDA:543,53,1,0
BRDA:548,54,0,0
BRDA:548,54,1,0
BRDA:561,55,0,0
BRDA:561,55,1,0
BRDA:566,56,0,0
BRDA:566,56,1,0
BRDA:569,57,0,0
BRDA:569,57,1,0
BRDA:573,58,0,0
BRDA:573,58,1,0
BRDA:576,59,0,0
BRDA:576,59,1,0
BRDA:580,60,0,0
BRDA:580,60,1,0
BRDA:587,61,0,0
BRDA:587,61,1,0
BRDA:594,62,0,0
BRDA:594,62,1,0
BRDA:601,63,0,0
BRDA:601,63,1,0
BRDA:604,64,0,0
BRDA:604,64,1,0
BRDA:608,65,0,0
BRDA:608,65,1,0
BRDA:618,66,0,0
BRDA:618,66,1,0
BRDA:624,67,0,0
BRDA:624,67,1,0
BRDA:669,68,0,0
BRDA:669,68,1,0
BRDA:674,69,0,0
BRDA:674,69,1,0
BRDA:679,70,0,0
BRDA:679,70,1,0
BRDA:679,71,0,0
BRDA:679,71,1,0
BRDA:679,71,2,0
BRDA:689,72,0,0
BRDA:689,72,1,0
BRF:155
BRH:0
end_of_record
TN:
SF:src\config\firebase.js
FNF:0
FNH:0
DA:5,0
DA:15,0
DA:18,0
LF:3
LH:0
BRF:0
BRH:0
end_of_record
TN:
SF:src\context\AuthContext.js
FN:12,(anonymous_0)
FN:20,(anonymous_1)
FN:27,(anonymous_2)
FN:28,(anonymous_3)
FN:36,(anonymous_4)
FN:51,(anonymous_5)
FN:61,(anonymous_6)
FN:71,(anonymous_7)
FNF:8
FNH:0
FNDA:0,(anonymous_0)
FNDA:0,(anonymous_1)
FNDA:0,(anonymous_2)
FNDA:0,(anonymous_3)
FNDA:0,(anonymous_4)
FNDA:0,(anonymous_5)
FNDA:0,(anonymous_6)
FNDA:0,(anonymous_7)
DA:10,0
DA:12,0
DA:13,0
DA:14,0
DA:15,0
DA:17,0
DA:20,0
DA:21,0
DA:22,0
DA:23,0
DA:25,0
DA:27,0
DA:28,0
DA:29,0
DA:30,0
DA:33,0
DA:36,0
DA:37,0
DA:38,0
DA:39,0
DA:40,0
DA:41,0
DA:43,0
DA:44,0
DA:46,0
DA:51,0
DA:52,0
DA:53,0
DA:54,0
DA:56,0
DA:57,0
DA:61,0
DA:62,0
DA:63,0
DA:64,0
DA:66,0
DA:67,0
DA:71,0
DA:72,0
DA:75,0
DA:85,0
LF:41
LH:0
BRDA:14,0,0,0
BRDA:14,0,1,0
BRF:2
BRH:0
end_of_record
TN:
SF:src\context\BookingContext.js
FN:6,(anonymous_0)
FN:14,(anonymous_1)
FN:20,(anonymous_2)
FN:23,(anonymous_3)
FN:26,(anonymous_4)
FN:39,(anonymous_5)
FN:47,(anonymous_6)
FN:60,(anonymous_7)
FN:61,(anonymous_8)
FN:62,(anonymous_9)
FN:70,(anonymous_10)
FN:83,(anonymous_11)
FN:84,(anonymous_12)
FN:120,(anonymous_13)
FN:121,(anonymous_14)
FN:124,(anonymous_15)
FN:125,(anonymous_16)
FN:131,(anonymous_17)
FN:138,(anonymous_18)
FN:139,(anonymous_19)
FN:140,(anonymous_20)
FN:143,(anonymous_21)
FN:146,(anonymous_22)
FN:149,(anonymous_23)
FN:150,(anonymous_24)
FNF:25
FNH:0
FNDA:0,(anonymous_0)
FNDA:0,(anonymous_1)
FNDA:0,(anonymous_2)
FNDA:0,(anonymous_3)
FNDA:0,(anonymous_4)
FNDA:0,(anonymous_5)
FNDA:0,(anonymous_6)
FNDA:0,(anonymous_7)
FNDA:0,(anonymous_8)
FNDA:0,(anonymous_9)
FNDA:0,(anonymous_10)
FNDA:0,(anonymous_11)
FNDA:0,(anonymous_12)
FNDA:0,(anonymous_13)
FNDA:0,(anonymous_14)
FNDA:0,(anonymous_15)
FNDA:0,(anonymous_16)
FNDA:0,(anonymous_17)
FNDA:0,(anonymous_18)
FNDA:0,(anonymous_19)
FNDA:0,(anonymous_20)
FNDA:0,(anonymous_21)
FNDA:0,(anonymous_22)
FNDA:0,(anonymous_23)
FNDA:0,(anonymous_24)
DA:4,0
DA:6,0
DA:7,0
DA:8,0
DA:9,0
DA:11,0
DA:14,0
DA:15,0
DA:16,0
DA:17,0
DA:20,0
DA:23,0
DA:24,0
DA:25,0
DA:26,0
DA:27,0
DA:28,0
DA:31,0
DA:32,0
DA:33,0
DA:37,0
DA:39,0
DA:40,0
DA:41,0
DA:47,0
DA:48,0
DA:49,0
DA:50,0
DA:53,0
DA:54,0
DA:56,0
DA:60,0
DA:61,0
DA:62,0
DA:63,0
DA:70,0
DA:71,0
DA:72,0
DA:73,0
DA:76,0
DA:77,0
DA:79,0
DA:83,0
DA:84,0
DA:85,0
DA:86,0
DA:88,0
DA:90,0
DA:91,0
DA:92,0
DA:96,0
DA:97,0
DA:100,0
DA:109,0
DA:111,0
DA:113,0
DA:114,0
DA:115,0
DA:120,0
DA:121,0
DA:124,0
DA:125,0
DA:126,0
DA:127,0
DA:131,0
DA:132,0
DA:133,0
DA:134,0
DA:136,0
DA:138,0
DA:139,0
DA:141,0
DA:144,0
DA:147,0
DA:149,0
DA:150,0
DA:154,0
DA:166,0
LF:78
LH:0
BRDA:8,0,0,0
BRDA:8,0,1,0
BRDA:40,1,0,0
BRDA:40,1,1,0
BRDA:63,2,0,0
BRDA:63,2,1,0
BRDA:85,3,0,0
BRDA:85,3,1,0
BRDA:91,4,0,0
BRDA:91,4,1,0
BRDA:92,5,0,0
BRDA:92,5,1,0
BRDA:97,6,0,0
BRDA:97,6,1,0
BRDA:98,7,0,0
BRDA:98,7,1,0
BRDA:127,8,0,0
BRDA:127,8,1,0
BRF:18
BRH:0
end_of_record
TN:
SF:src\context\CustomerContext.js
FN:6,(anonymous_0)
FN:14,(anonymous_1)
FN:70,(anonymous_2)
FN:73,(anonymous_3)
FN:76,(anonymous_4)
FN:89,(anonymous_5)
FN:100,(anonymous_6)
FN:113,(anonymous_7)
FN:126,(anonymous_8)
FN:139,(anonymous_9)
FN:140,(anonymous_10)
FN:141,(anonymous_11)
FN:157,(anonymous_12)
FN:158,(anonymous_13)
FN:159,(anonymous_14)
FN:163,(anonymous_15)
FN:175,(anonymous_16)
FN:176,(anonymous_17)
FN:177,(anonymous_18)
FN:181,(anonymous_19)
FN:189,(anonymous_20)
FN:190,(anonymous_21)
FN:193,(anonymous_22)
FN:194,(anonymous_23)
FN:194,(anonymous_24)
FN:205,(anonymous_25)
FN:206,(anonymous_26)
FN:206,(anonymous_27)
FN:210,(anonymous_28)
FN:219,(anonymous_29)
FN:220,(anonymous_30)
FN:220,(anonymous_31)
FN:224,(anonymous_32)
FNF:33
FNH:0
FNDA:0,(anonymous_0)
FNDA:0,(anonymous_1)
FNDA:0,(anonymous_2)
FNDA:0,(anonymous_3)
FNDA:0,(anonymous_4)
FNDA:0,(anonymous_5)
FNDA:0,(anonymous_6)
FNDA:0,(anonymous_7)
FNDA:0,(anonymous_8)
FNDA:0,(anonymous_9)
FNDA:0,(anonymous_10)
FNDA:0,(anonymous_11)
FNDA:0,(anonymous_12)
FNDA:0,(anonymous_13)
FNDA:0,(anonymous_14)
FNDA:0,(anonymous_15)
FNDA:0,(anonymous_16)
FNDA:0,(anonymous_17)
FNDA:0,(anonymous_18)
FNDA:0,(anonymous_19)
FNDA:0,(anonymous_20)
FNDA:0,(anonymous_21)
FNDA:0,(anonymous_22)
FNDA:0,(anonymous_23)
FNDA:0,(anonymous_24)
FNDA:0,(anonymous_25)
FNDA:0,(anonymous_26)
FNDA:0,(anonymous_27)
FNDA:0,(anonymous_28)
FNDA:0,(anonymous_29)
FNDA:0,(anonymous_30)
FNDA:0,(anonymous_31)
FNDA:0,(anonymous_32)
DA:4,0
DA:6,0
DA:7,0
DA:8,0
DA:9,0
DA:11,0
DA:14,0
DA:15,0
DA:16,0
DA:17,0
DA:20,0
DA:70,0
DA:73,0
DA:74,0
DA:75,0
DA:76,0
DA:77,0
DA:78,0
DA:81,0
DA:82,0
DA:83,0
DA:87,0
DA:89,0
DA:90,0
DA:91,0
DA:96,0
DA:100,0
DA:101,0
DA:102,0
DA:103,0
DA:106,0
DA:107,0
DA:109,0
DA:113,0
DA:114,0
DA:115,0
DA:116,0
DA:119,0
DA:120,0
DA:122,0
DA:126,0
DA:127,0
DA:128,0
DA:129,0
DA:132,0
DA:133,0
DA:135,0
DA:139,0
DA:140,0
DA:141,0
DA:142,0
DA:157,0
DA:158,0
DA:159,0
DA:160,0
DA:164,0
DA:175,0
DA:176,0
DA:177,0
DA:178,0
DA:181,0
DA:189,0
DA:190,0
DA:193,0
DA:194,0
DA:195,0
DA:205,0
DA:206,0
DA:207,0
DA:211,0
DA:219,0
DA:220,0
DA:221,0
DA:224,0
DA:231,0
DA:247,0
LF:76
LH:0
BRDA:8,0,0,0
BRDA:8,0,1,0
BRDA:90,1,0,0
BRDA:90,1,1,0
BRDA:142,2,0,0
BRDA:142,2,1,0
BRDA:160,3,0,0
BRDA:160,3,1,0
BRDA:164,4,0,0
BRDA:164,4,1,0
BRDA:178,5,0,0
BRDA:178,5,1,0
BRDA:195,6,0,0
BRDA:195,6,1,0
BRDA:207,7,0,0
BRDA:207,7,1,0
BRDA:211,8,0,0
BRDA:211,8,1,0
BRDA:221,9,0,0
BRDA:221,9,1,0
BRF:20
BRH:0
end_of_record
TN:
SF:src\context\MaterialContext.js
FN:6,(anonymous_0)
FN:14,(anonymous_1)
FN:20,(anonymous_2)
FN:23,(anonymous_3)
FN:26,(anonymous_4)
FN:39,(anonymous_5)
FN:178,(anonymous_6)
FN:191,(anonymous_7)
FN:204,(anonymous_8)
FN:217,(anonymous_9)
FN:219,(anonymous_10)
FN:241,(anonymous_11)
FN:242,(anonymous_12)
FN:245,(anonymous_13)
FN:246,(anonymous_14)
FN:249,(anonymous_15)
FN:250,(anonymous_16)
FN:255,(anonymous_17)
FN:256,(anonymous_18)
FNF:19
FNH:0
FNDA:0,(anonymous_0)
FNDA:0,(anonymous_1)
FNDA:0,(anonymous_2)
FNDA:0,(anonymous_3)
FNDA:0,(anonymous_4)
FNDA:0,(anonymous_5)
FNDA:0,(anonymous_6)
FNDA:0,(anonymous_7)
FNDA:0,(anonymous_8)
FNDA:0,(anonymous_9)
FNDA:0,(anonymous_10)
FNDA:0,(anonymous_11)
FNDA:0,(anonymous_12)
FNDA:0,(anonymous_13)
FNDA:0,(anonymous_14)
FNDA:0,(anonymous_15)
FNDA:0,(anonymous_16)
FNDA:0,(anonymous_17)
FNDA:0,(anonymous_18)
DA:4,0
DA:6,0
DA:7,0
DA:8,0
DA:9,0
DA:11,0
DA:14,0
DA:15,0
DA:16,0
DA:17,0
DA:20,0
DA:23,0
DA:24,0
DA:25,0
DA:26,0
DA:27,0
DA:28,0
DA:31,0
DA:32,0
DA:33,0
DA:37,0
DA:39,0
DA:40,0
DA:41,0
DA:47,0
DA:178,0
DA:179,0
DA:180,0
DA:181,0
DA:184,0
DA:185,0
DA:187,0
DA:191,0
DA:192,0
DA:193,0
DA:194,0
DA:197,0
DA:198,0
DA:200,0
DA:204,0
DA:205,0
DA:206,0
DA:207,0
DA:210,0
DA:211,0
DA:213,0
DA:217,0
DA:218,0
DA:219,0
DA:220,0
DA:222,0
DA:223,0
DA:226,0
DA:233,0
DA:234,0
DA:239,0
DA:241,0
DA:242,0
DA:245,0
DA:246,0
DA:249,0
DA:250,0
DA:251,0
DA:255,0
DA:256,0
DA:259,0
DA:270,0
LF:67
LH:0
BRDA:8,0,0,0
BRDA:8,0,1,0
BRDA:40,1,0,0
BRDA:40,1,1,0
BRDA:220,2,0,0
BRDA:220,2,1,0
BRDA:223,3,0,0
BRDA:223,3,1,0
BRDA:224,4,0,0
BRDA:224,4,1,0
BRDA:251,5,0,0
BRDA:251,5,1,0
BRF:12
BRH:0
end_of_record
TN:
SF:src\context\NotificationContext.js
FN:6,(anonymous_0)
FN:14,(anonymous_1)
FN:17,(anonymous_2)
FN:26,(anonymous_3)
FN:29,(anonymous_4)
FN:37,(anonymous_5)
FN:38,(anonymous_6)
FN:38,(anonymous_7)
FN:41,(anonymous_8)
FN:45,(anonymous_9)
FN:60,(anonymous_10)
FN:88,(anonymous_11)
FN:100,(anonymous_12)
FNF:13
FNH:0
FNDA:0,(anonymous_0)
FNDA:0,(anonymous_1)
FNDA:0,(anonymous_2)
FNDA:0,(anonymous_3)
FNDA:0,(anonymous_4)
FNDA:0,(anonymous_5)
FNDA:0,(anonymous_6)
FNDA:0,(anonymous_7)
FNDA:0,(anonymous_8)
FNDA:0,(anonymous_9)
FNDA:0,(anonymous_10)
FNDA:0,(anonymous_11)
FNDA:0,(anonymous_12)
DA:4,0
DA:6,0
DA:7,0
DA:8,0
DA:9,0
DA:11,0
DA:14,0
DA:15,0
DA:17,0
DA:18,0
DA:19,0
DA:26,0
DA:28,0
DA:29,0
DA:30,0
DA:34,0
DA:37,0
DA:38,0
DA:41,0
DA:42,0
DA:45,0
DA:46,0
DA:48,0
DA:50,0
DA:52,0
DA:54,0
DA:56,0
DA:60,0
DA:61,0
DA:63,0
DA:65,0
DA:67,0
DA:69,0
DA:71,0
DA:75,0
DA:82,0
DA:89,0
DA:100,0
LF:38
LH:0
BRDA:8,0,0,0
BRDA:8,0,1,0
BRDA:17,1,0,0
BRDA:17,2,0,0
BRDA:28,3,0,0
BRDA:28,3,1,0
BRDA:46,4,0,0
BRDA:46,4,1,0
BRDA:46,4,2,0
BRDA:46,4,3,0
BRDA:46,4,4,0
BRDA:61,5,0,0
BRDA:61,5,1,0
BRDA:61,5,2,0
BRDA:61,5,3,0
BRDA:61,5,4,0
BRF:16
BRH:0
end_of_record
TN:
SF:src\context\ProjectContext.js
FN:6,(anonymous_0)
FN:14,(anonymous_1)
FN:20,(anonymous_2)
FN:23,(anonymous_3)
FN:26,(anonymous_4)
FN:39,(anonymous_5)
FN:46,(anonymous_6)
FN:69,(anonymous_7)
FN:85,(anonymous_8)
FN:98,(anonymous_9)
FN:99,(anonymous_10)
FN:102,(anonymous_11)
FN:103,(anonymous_12)
FN:106,(anonymous_13)
FN:107,(anonymous_14)
FNF:15
FNH:0
FNDA:0,(anonymous_0)
FNDA:0,(anonymous_1)
FNDA:0,(anonymous_2)
FNDA:0,(anonymous_3)
FNDA:0,(anonymous_4)
FNDA:0,(anonymous_5)
FNDA:0,(anonymous_6)
FNDA:0,(anonymous_7)
FNDA:0,(anonymous_8)
FNDA:0,(anonymous_9)
FNDA:0,(anonymous_10)
FNDA:0,(anonymous_11)
FNDA:0,(anonymous_12)
FNDA:0,(anonymous_13)
FNDA:0,(anonymous_14)
DA:4,0
DA:6,0
DA:7,0
DA:8,0
DA:9,0
DA:11,0
DA:14,0
DA:15,0
DA:16,0
DA:17,0
DA:20,0
DA:23,0
DA:24,0
DA:25,0
DA:26,0
DA:27,0
DA:28,0
DA:31,0
DA:32,0
DA:33,0
DA:37,0
DA:39,0
DA:40,0
DA:41,0
DA:46,0
DA:47,0
DA:48,0
DA:50,0
DA:58,0
DA:59,0
DA:61,0
DA:62,0
DA:63,0
DA:65,0
DA:69,0
DA:70,0
DA:71,0
DA:72,0
DA:77,0
DA:78,0
DA:79,0
DA:81,0
DA:85,0
DA:86,0
DA:87,0
DA:88,0
DA:90,0
DA:91,0
DA:92,0
DA:94,0
DA:98,0
DA:99,0
DA:102,0
DA:103,0
DA:106,0
DA:107,0
DA:110,0
DA:122,0
LF:58
LH:0
BRDA:8,0,0,0
BRDA:8,0,1,0
BRDA:40,1,0,0
BRDA:40,1,1,0
BRDA:52,2,0,0
BRDA:52,2,1,0
BRDA:55,3,0,0
BRDA:55,3,1,0
BRF:8
BRH:0
end_of_record
TN:
SF:src\services\firebaseService.js
FN:19,(anonymous_0)
FN:31,(anonymous_1)
FN:54,(anonymous_2)
FN:87,(anonymous_3)
FN:109,(anonymous_4)
FN:113,(anonymous_5)
FN:124,(anonymous_6)
FN:127,(anonymous_7)
FN:128,(anonymous_8)
FN:141,(anonymous_9)
FN:159,(anonymous_10)
FN:171,(anonymous_11)
FN:175,(anonymous_12)
FN:188,(anonymous_13)
FN:192,(anonymous_14)
FN:196,(anonymous_15)
FN:200,(anonymous_16)
FN:204,(anonymous_17)
FN:208,(anonymous_18)
FN:215,(anonymous_19)
FN:219,(anonymous_20)
FN:223,(anonymous_21)
FN:227,(anonymous_22)
FN:231,(anonymous_23)
FN:238,(anonymous_24)
FN:242,(anonymous_25)
FN:250,(anonymous_26)
FN:254,(anonymous_27)
FN:258,(anonymous_28)
FN:262,(anonymous_29)
FN:269,(anonymous_30)
FN:277,(anonymous_31)
FN:284,(anonymous_32)
FN:288,(anonymous_33)
FN:292,(anonymous_34)
FN:296,(anonymous_35)
FNF:36
FNH:0
FNDA:0,(anonymous_0)
FNDA:0,(anonymous_1)
FNDA:0,(anonymous_2)
FNDA:0,(anonymous_3)
FNDA:0,(anonymous_4)
FNDA:0,(anonymous_5)
FNDA:0,(anonymous_6)
FNDA:0,(anonymous_7)
FNDA:0,(anonymous_8)
FNDA:0,(anonymous_9)
FNDA:0,(anonymous_10)
FNDA:0,(anonymous_11)
FNDA:0,(anonymous_12)
FNDA:0,(anonymous_13)
FNDA:0,(anonymous_14)
FNDA:0,(anonymous_15)
FNDA:0,(anonymous_16)
FNDA:0,(anonymous_17)
FNDA:0,(anonymous_18)
FNDA:0,(anonymous_19)
FNDA:0,(anonymous_20)
FNDA:0,(anonymous_21)
FNDA:0,(anonymous_22)
FNDA:0,(anonymous_23)
FNDA:0,(anonymous_24)
FNDA:0,(anonymous_25)
FNDA:0,(anonymous_26)
FNDA:0,(anonymous_27)
FNDA:0,(anonymous_28)
FNDA:0,(anonymous_29)
FNDA:0,(anonymous_30)
FNDA:0,(anonymous_31)
FNDA:0,(anonymous_32)
FNDA:0,(anonymous_33)
FNDA:0,(anonymous_34)
FNDA:0,(anonymous_35)
DA:19,0
DA:20,0
DA:21,0
DA:31,0
DA:32,0
DA:33,0
DA:43,0
DA:55,0
DA:57,0
DA:59,0
DA:66,0
DA:67,0
DA:68,0
DA:71,0
DA:73,0
DA:74,0
DA:77,0
DA:78,0
DA:81,0
DA:82,0
DA:88,0
DA:89,0
DA:90,0
DA:91,0
DA:93,0
DA:94,0
DA:99,0
DA:100,0
DA:103,0
DA:104,0
DA:110,0
DA:111,0
DA:112,0
DA:113,0
DA:118,0
DA:119,0
DA:125,0
DA:126,0
DA:127,0
DA:128,0
DA:132,0
DA:135,0
DA:136,0
DA:142,0
DA:143,0
DA:144,0
DA:146,0
DA:147,0
DA:148,0
DA:153,0
DA:154,0
DA:160,0
DA:161,0
DA:162,0
DA:163,0
DA:165,0
DA:166,0
DA:172,0
DA:173,0
DA:174,0
DA:175,0
DA:180,0
DA:181,0
DA:189,0
DA:193,0
DA:197,0
DA:201,0
DA:205,0
DA:209,0
DA:216,0
DA:220,0
DA:224,0
DA:228,0
DA:232,0
DA:239,0
DA:243,0
DA:251,0
DA:255,0
DA:259,0
DA:263,0
DA:270,0
DA:278,0
DA:285,0
DA:289,0
DA:293,0
DA:297,0
LF:86
LH:0
BRDA:20,0,0,0
BRDA:20,0,1,0
BRDA:32,1,0,0
BRDA:32,1,1,0
BRDA:57,2,0,0
BRDA:57,2,1,0
BRDA:57,2,2,0
BRDA:66,3,0,0
BRDA:66,3,1,0
BRDA:66,3,2,0
BRDA:67,4,0,0
BRDA:67,4,1,0
BRDA:71,5,0,0
BRDA:71,5,1,0
BRDA:93,6,0,0
BRDA:93,6,1,0
BRDA:109,7,0,0
BRDA:124,8,0,0
BRDA:143,9,0,0
BRDA:143,9,1,0
BRF:20
BRH:0
end_of_record
